Log file open, 07/08/23 11:37:56
LogWindows: Failed to load 'aqProf.dll' (GetLastError=126)
LogWindows: File 'aqProf.dll' does not exist
LogWindows: Failed to load 'VtuneApi.dll' (GetLastError=126)
LogWindows: File 'VtuneApi.dll' does not exist
LogWindows: Failed to load 'VtuneApi32e.dll' (GetLastError=126)
LogWindows: File 'VtuneApi32e.dll' does not exist
LogConsoleResponse: Display: Failed to find resolution value strings in scalability ini. Falling back to default.
LogConsoleResponse: Display: Failed to find resolution value strings in scalability ini. Falling back to default.
LogInit: Display: Running engine for game: A06_END
LogPlatformFile: Not using cached read wrapper
LogTaskGraph: Started task graph with 5 named threads and 47 total threads with 3 sets of task threads.
LogStats: Stats thread started at 0.487555
LogICUInternationalization: ICU TimeZone Detection - Raw Offset: -6:00, Platform Override: ''
LogInit: Display: Loading text-based GConfig....
LogPluginManager: Mounting plugin MeshPainting
LogPluginManager: Mounting plugin XGEController
LogPluginManager: Mounting plugin Paper2D
LogPluginManager: Mounting plugin AISupport
LogPluginManager: Mounting plugin EnvironmentQueryEditor
LogPluginManager: Mounting plugin LiveLink
LogPluginManager: Mounting plugin LightPropagationVolume
LogPluginManager: Mounting plugin CameraShakePreviewer
LogPluginManager: Mounting plugin GameplayCameras
LogPluginManager: Mounting plugin OodleData
LogPluginManager: Mounting plugin OodleNetwork
LogPluginManager: Mounting plugin AnimationSharing
LogPluginManager: Mounting plugin CLionSourceCodeAccess
LogPluginManager: Mounting plugin CodeLiteSourceCodeAccess
LogPluginManager: Mounting plugin GitSourceControl
LogPluginManager: Mounting plugin NullSourceCodeAccess
LogPluginManager: Mounting plugin KDevelopSourceCodeAccess
LogPluginManager: Mounting plugin PixWinPlugin
LogPluginManager: Mounting plugin PropertyAccessNode
LogPluginManager: Mounting plugin PerforceSourceControl
LogPluginManager: Mounting plugin PlasticSourceControl
LogPluginManager: Mounting plugin PluginUtils
LogPluginManager: Mounting plugin AssetManagerEditor
LogPluginManager: Mounting plugin RiderSourceCodeAccess
LogPluginManager: Mounting plugin SubversionSourceControl
LogPluginManager: Mounting plugin TextureFormatOodle
LogPluginManager: Mounting plugin UObjectPlugin
LogPluginManager: Mounting plugin VisualStudioCodeSourceCodeAccess
LogPluginManager: Mounting plugin VisualStudioSourceCodeAccess
LogPluginManager: Mounting plugin XCodeSourceCodeAccess
LogPluginManager: Mounting plugin CryptoKeys
LogPluginManager: Mounting plugin CurveEditorTools
LogPluginManager: Mounting plugin DataValidation
LogPluginManager: Mounting plugin FacialAnimation
LogPluginManager: Mounting plugin GeometryMode
LogPluginManager: Mounting plugin GameplayTagsEditor
LogPluginManager: Mounting plugin DatasmithContent
LogPluginManager: Mounting plugin MacGraphicsSwitching
LogPluginManager: Mounting plugin MaterialAnalyzer
LogPluginManager: Mounting plugin PluginBrowser
LogPluginManager: Mounting plugin MobileLauncherProfileWizard
LogPluginManager: Mounting plugin SpeedTreeImporter
LogPluginManager: Mounting plugin Niagara
LogPluginManager: Mounting plugin AlembicImporter
LogPluginManager: Mounting plugin VariantManagerContent
LogPluginManager: Mounting plugin AutomationUtils
LogPluginManager: Mounting plugin BackChannel
LogPluginManager: Mounting plugin ChaosCloth
LogPluginManager: Mounting plugin ChaosClothEditor
LogPluginManager: Mounting plugin ChaosEditor
LogPluginManager: Mounting plugin ChaosNiagara
LogPluginManager: Mounting plugin ChaosSolverPlugin
LogPluginManager: Mounting plugin CharacterAI
LogPluginManager: Mounting plugin GeometryCache
LogPluginManager: Mounting plugin GeometryCollectionPlugin
LogPluginManager: Mounting plugin GeometryProcessing
LogPluginManager: Mounting plugin MotoSynth
LogPluginManager: Mounting plugin OpenImageDenoise
LogPluginManager: Mounting plugin PlanarCut
LogPluginManager: Mounting plugin PlatformCrypto
LogPluginManager: Mounting plugin ProxyLODPlugin
LogPluginManager: Mounting plugin PythonScriptPlugin
LogPluginManager: Mounting plugin SkeletalReduction
LogPluginManager: Mounting plugin LuminPlatformFeatures
LogPluginManager: Mounting plugin MagicLeap
LogPluginManager: Mounting plugin MagicLeapLightEstimation
LogPluginManager: Mounting plugin MagicLeapMedia
LogPluginManager: Mounting plugin AndroidMedia
LogPluginManager: Mounting plugin MagicLeapPassableWorld
LogPluginManager: Mounting plugin MLSDK
LogPluginManager: Mounting plugin AvfMedia
LogPluginManager: Mounting plugin MediaCompositing
LogPluginManager: Mounting plugin ImgMedia
LogPluginManager: Mounting plugin MediaPlayerEditor
LogPluginManager: Mounting plugin TcpMessaging
LogPluginManager: Mounting plugin UdpMessaging
LogPluginManager: Mounting plugin WebMMedia
LogPluginManager: Mounting plugin WmfMedia
LogPluginManager: Mounting plugin ActorSequence
LogPluginManager: Mounting plugin LevelSequenceEditor
LogPluginManager: Mounting plugin MatineeToLevelSequence
LogPluginManager: Mounting plugin TemplateSequence
LogPluginManager: Mounting plugin OnlineSubsystem
LogPluginManager: Mounting plugin LauncherChunkInstaller
LogPluginManager: Mounting plugin ActorLayerUtilities
LogPluginManager: Mounting plugin OnlineSubsystemNull
LogPluginManager: Mounting plugin OnlineSubsystemUtils
LogPluginManager: Mounting plugin AndroidDeviceProfileSelector
LogPluginManager: Mounting plugin AndroidMoviePlayer
LogPluginManager: Mounting plugin AndroidPermission
LogPluginManager: Mounting plugin AppleImageUtils
LogPluginManager: Mounting plugin AppleMoviePlayer
LogPluginManager: Mounting plugin ArchVisCharacter
LogPluginManager: Mounting plugin AudioSynesthesia
LogPluginManager: Mounting plugin AssetTags
LogPluginManager: Mounting plugin CableComponent
LogPluginManager: Mounting plugin AudioCapture
LogPluginManager: Mounting plugin CustomMeshComponent
LogPluginManager: Mounting plugin ChunkDownloader
LogPluginManager: Mounting plugin EditableMesh
LogPluginManager: Mounting plugin ExampleDeviceProfileSelector
LogPluginManager: Mounting plugin GoogleCloudMessaging
LogPluginManager: Mounting plugin GooglePAD
LogPluginManager: Mounting plugin IOSDeviceProfileSelector
LogPluginManager: Mounting plugin LinuxDeviceProfileSelector
LogPluginManager: Mounting plugin LocationServicesBPLibrary
LogPluginManager: Mounting plugin MobilePatchingUtils
LogPluginManager: Mounting plugin OpenXR
LogPluginManager: Mounting plugin OpenXREyeTracker
LogPluginManager: Mounting plugin OpenXRHandTracking
LogPluginManager: Mounting plugin PhysXVehicles
LogPluginManager: Mounting plugin PostSplashScreen
LogPluginManager: Mounting plugin ProceduralMeshComponent
LogPluginManager: Mounting plugin PropertyAccessEditor
LogPluginManager: Mounting plugin RuntimePhysXCooking
LogPluginManager: Mounting plugin SignificanceManager
LogPluginManager: Mounting plugin SoundFields
LogPluginManager: Mounting plugin Synthesis
LogPluginManager: Mounting plugin WebMMoviePlayer
LogPluginManager: Mounting plugin WindowsMoviePlayer
LogPluginManager: Mounting plugin ScreenshotTools
LogPluginManager: Mounting plugin Takes
LogPluginManager: Mounting plugin ContentBrowserAssetDataSource
LogPluginManager: Mounting plugin ContentBrowserFileDataSource
LogPluginManager: Mounting plugin ContentBrowserClassDataSource
LogPluginManager: Mounting plugin OnlineSubsystemGooglePlay
LogPluginManager: Mounting plugin OnlineSubsystemIOS
LogPluginManager: Mounting plugin OculusVR
LogPluginManager: Mounting plugin SteamVR
PixWinPlugin: PIX capture plugin failed to initialize! Check that the process is launched from PIX.
LogInit: Using libcurl 7.55.1-DEV
LogInit:  - built for x86_64-pc-win32
LogInit:  - supports SSL with OpenSSL/1.1.1
LogInit:  - supports HTTP deflate (compression) using libz 1.2.8
LogInit:  - other features:
LogInit:      CURL_VERSION_SSL
LogInit:      CURL_VERSION_LIBZ
LogInit:      CURL_VERSION_IPV6
LogInit:      CURL_VERSION_ASYNCHDNS
LogInit:      CURL_VERSION_LARGEFILE
LogInit:      CURL_VERSION_IDN
LogInit:  CurlRequestOptions (configurable via config and command line):
LogInit:  - bVerifyPeer = true  - Libcurl will verify peer certificate
LogInit:  - bUseHttpProxy = false  - Libcurl will NOT use HTTP proxy
LogInit:  - bDontReuseConnections = false  - Libcurl will reuse connections
LogInit:  - MaxHostConnections = 16  - Libcurl will limit the number of connections to a host
LogInit:  - LocalHostAddr = Default
LogInit:  - BufferSize = 65536
LogOnline: OSS: Creating online subsystem instance for: NULL
LogInit: WinSock: version 1.1 (2.2), MaxSocks=32767, MaxUdp=65467
LogOnline: OSS: TryLoadSubsystemAndSetDefault: Loaded subsystem for module [NULL]
LogOculusPluginWrapper: OculusPlugin initialized successfully
LogHMD: Failed initializing OVRPlugin 1.59.0
LogInit: Build: ++UE4+Release-4.27-CL-18319896
LogInit: Engine Version: 4.27.2-18319896+++UE4+Release-4.27
LogInit: Compatible Engine Version: 4.27.0-17155196+++UE4+Release-4.27
LogInit: Net CL: 17155196
LogInit: OS: Windows 10 (Release 2009) (), CPU: Intel(R) Core(TM) i9-9900K CPU @ 3.60GHz, GPU: NVIDIA GeForce RTX 2080 SUPER
LogInit: Compiled (64-bit): Nov 30 2021 07:12:08
LogInit: Compiled with Visual C++: 19.24.28315.00
LogInit: Build Configuration: Development
LogInit: Branch Name: ++UE4+Release-4.27
LogInit: Command Line: 
LogInit: Base Directory: E:/Epic Games/UE_4.27/Engine/Binaries/Win64/
LogInit: Allocator: TBB
LogInit: Installed Engine Build: 1
LogDevObjectVersion: Number of dev versions registered: 29
LogDevObjectVersion:   Dev-Blueprints (B0D832E4-1F89-4F0D-ACCF-7EB736FD4AA2): 10
LogDevObjectVersion:   Dev-Build (E1C64328-A22C-4D53-A36C-8E866417BD8C): 0
LogDevObjectVersion:   Dev-Core (375EC13C-06E4-48FB-B500-84F0262A717E): 4
LogDevObjectVersion:   Dev-Editor (E4B068ED-F494-42E9-A231-DA0B2E46BB41): 40
LogDevObjectVersion:   Dev-Framework (CFFC743F-43B0-4480-9391-14DF171D2073): 37
LogDevObjectVersion:   Dev-Mobile (B02B49B5-BB20-44E9-A304-32B752E40360): 3
LogDevObjectVersion:   Dev-Networking (A4E4105C-59A1-49B5-A7C5-40C4547EDFEE): 0
LogDevObjectVersion:   Dev-Online (39C831C9-5AE6-47DC-9A44-9C173E1C8E7C): 0
LogDevObjectVersion:   Dev-Physics (78F01B33-EBEA-4F98-B9B4-84EACCB95AA2): 14
LogDevObjectVersion:   Dev-Platform (6631380F-2D4D-43E0-8009-CF276956A95A): 0
LogDevObjectVersion:   Dev-Rendering (12F88B9F-8875-4AFC-A67C-D90C383ABD29): 45
LogDevObjectVersion:   Dev-Sequencer (7B5AE74C-D270-4C10-A958-57980B212A5A): 13
LogDevObjectVersion:   Dev-VR (D7296918-1DD6-4BDD-9DE2-64A83CC13884): 3
LogDevObjectVersion:   Dev-LoadTimes (C2A15278-BFE7-4AFE-6C17-90FF531DF755): 1
LogDevObjectVersion:   Private-Geometry (6EACA3D4-40EC-4CC1-B786-8BED09428FC5): 3
LogDevObjectVersion:   Dev-AnimPhys (29E575DD-E0A3-4627-9D10-D276232CDCEA): 17
LogDevObjectVersion:   Dev-Anim (AF43A65D-7FD3-4947-9873-3E8ED9C1BB05): 15
LogDevObjectVersion:   Dev-ReflectionCapture (6B266CEC-1EC7-4B8F-A30B-E4D90942FC07): 1
LogDevObjectVersion:   Dev-Automation (0DF73D61-A23F-47EA-B727-89E90C41499A): 1
LogDevObjectVersion:   FortniteMain (601D1886-AC64-4F84-AA16-D3DE0DEAC7D6): 47
LogDevObjectVersion:   FortniteRelease (E7086368-6B23-4C58-8439-1B7016265E91): 1
LogDevObjectVersion:   Dev-Enterprise (9DFFBCD6-494F-0158-E221-12823C92A888): 10
LogDevObjectVersion:   Dev-Niagara (F2AED0AC-9AFE-416F-8664-AA7FFA26D6FC): 1
LogDevObjectVersion:   Dev-Destruction (174F1F0B-B4C6-45A5-B13F-2EE8D0FB917D): 10
LogDevObjectVersion:   Dev-Physics-Ext (35F94A83-E258-406C-A318-09F59610247C): 41
LogDevObjectVersion:   Dev-PhysicsMaterial-Chaos (B68FC16E-8B1B-42E2-B453-215C058844FE): 1
LogDevObjectVersion:   Dev-CineCamera (B2E18506-4273-CFC2-A54E-F4BB758BBA07): 1
LogDevObjectVersion:   Dev-VirtualProduction (64F58936-FD1B-42BA-BA96-7289D5D0FA4E): 1
LogDevObjectVersion:   Dev-MediaFramework (6F0ED827-A609-4895-9C91-998D90180EA4): 2
LogInit: Presizing for max 25165824 objects, including 0 objects not considered by GC, pre-allocating 0 bytes for permanent pool.
LogConfig: Applying CVar settings from Section [/Script/Engine.StreamingSettings] File [D:/Full Sail - Engine Development/EngineDevelopment/A06_END/Saved/Config/Windows/Engine.ini]
LogConfig: Setting CVar [[s.MinBulkDataSizeForAsyncLoading:131072]]
LogConfig: Setting CVar [[s.AsyncLoadingThreadEnabled:0]]
LogConfig: Setting CVar [[s.EventDrivenLoaderEnabled:1]]
LogConfig: Setting CVar [[s.WarnIfTimeLimitExceeded:0]]
LogConfig: Setting CVar [[s.TimeLimitExceededMultiplier:1.5]]
LogConfig: Setting CVar [[s.TimeLimitExceededMinTime:0.005]]
LogConfig: Setting CVar [[s.UseBackgroundLevelStreaming:1]]
LogConfig: Setting CVar [[s.PriorityAsyncLoadingExtraTime:15.0]]
LogConfig: Setting CVar [[s.LevelStreamingActorsUpdateTimeLimit:5.0]]
LogConfig: Setting CVar [[s.PriorityLevelStreamingActorsUpdateExtraTime:5.0]]
LogConfig: Setting CVar [[s.LevelStreamingComponentsRegistrationGranularity:10]]
LogConfig: Setting CVar [[s.UnregisterComponentsTimeLimit:1.0]]
LogConfig: Setting CVar [[s.LevelStreamingComponentsUnregistrationGranularity:5]]
LogConfig: Setting CVar [[s.FlushStreamingOnExit:1]]
LogInit: Object subsystem initialized
LogConfig: Setting CVar [[con.DebugEarlyDefault:1]]
LogConfig: Setting CVar [[r.setres:1280x720]]
[2023.07.08-16.37.58:347][  0]LogConfig: Setting CVar [[r.VSync:0]]
[2023.07.08-16.37.58:347][  0]LogConfig: Setting CVar [[r.RHICmdBypass:0]]
[2023.07.08-16.37.58:347][  0]LogConfig: Applying CVar settings from Section [/Script/Engine.RendererSettings] File [D:/Full Sail - Engine Development/EngineDevelopment/A06_END/Saved/Config/Windows/Engine.ini]
[2023.07.08-16.37.58:349][  0]LogConfig: Setting CVar [[r.GPUCrashDebugging:0]]
[2023.07.08-16.37.58:349][  0]LogConfig: Applying CVar settings from Section [/Script/Engine.RendererOverrideSettings] File [D:/Full Sail - Engine Development/EngineDevelopment/A06_END/Saved/Config/Windows/Engine.ini]
[2023.07.08-16.37.58:349][  0]LogConfig: Applying CVar settings from Section [/Script/Engine.StreamingSettings] File [D:/Full Sail - Engine Development/EngineDevelopment/A06_END/Saved/Config/Windows/Engine.ini]
[2023.07.08-16.37.58:349][  0]LogConfig: Setting CVar [[s.MinBulkDataSizeForAsyncLoading:131072]]
[2023.07.08-16.37.58:349][  0]LogConfig: Setting CVar [[s.AsyncLoadingThreadEnabled:0]]
[2023.07.08-16.37.58:349][  0]LogConfig: Setting CVar [[s.EventDrivenLoaderEnabled:1]]
[2023.07.08-16.37.58:349][  0]LogConfig: Setting CVar [[s.WarnIfTimeLimitExceeded:0]]
[2023.07.08-16.37.58:349][  0]LogConfig: Setting CVar [[s.TimeLimitExceededMultiplier:1.5]]
[2023.07.08-16.37.58:349][  0]LogConfig: Setting CVar [[s.TimeLimitExceededMinTime:0.005]]
[2023.07.08-16.37.58:349][  0]LogConfig: Setting CVar [[s.UseBackgroundLevelStreaming:1]]
[2023.07.08-16.37.58:349][  0]LogConfig: Setting CVar [[s.PriorityAsyncLoadingExtraTime:15.0]]
[2023.07.08-16.37.58:349][  0]LogConfig: Setting CVar [[s.LevelStreamingActorsUpdateTimeLimit:5.0]]
[2023.07.08-16.37.58:349][  0]LogConfig: Setting CVar [[s.PriorityLevelStreamingActorsUpdateExtraTime:5.0]]
[2023.07.08-16.37.58:349][  0]LogConfig: Setting CVar [[s.LevelStreamingComponentsRegistrationGranularity:10]]
[2023.07.08-16.37.58:349][  0]LogConfig: Setting CVar [[s.UnregisterComponentsTimeLimit:1.0]]
[2023.07.08-16.37.58:349][  0]LogConfig: Setting CVar [[s.LevelStreamingComponentsUnregistrationGranularity:5]]
[2023.07.08-16.37.58:349][  0]LogConfig: Setting CVar [[s.FlushStreamingOnExit:1]]
[2023.07.08-16.37.58:349][  0]LogConfig: Applying CVar settings from Section [/Script/Engine.GarbageCollectionSettings] File [D:/Full Sail - Engine Development/EngineDevelopment/A06_END/Saved/Config/Windows/Engine.ini]
[2023.07.08-16.37.58:349][  0]LogConfig: Setting CVar [[gc.MaxObjectsNotConsideredByGC:1]]
[2023.07.08-16.37.58:349][  0]LogConfig: Setting CVar [[gc.SizeOfPermanentObjectPool:0]]
[2023.07.08-16.37.58:349][  0]LogConfig: Setting CVar [[gc.FlushStreamingOnGC:0]]
[2023.07.08-16.37.58:349][  0]LogConfig: Setting CVar [[gc.NumRetriesBeforeForcingGC:10]]
[2023.07.08-16.37.58:349][  0]LogConfig: Setting CVar [[gc.AllowParallelGC:1]]
[2023.07.08-16.37.58:349][  0]LogConfig: Setting CVar [[gc.TimeBetweenPurgingPendingKillObjects:61.1]]
[2023.07.08-16.37.58:349][  0]LogConfig: Setting CVar [[gc.MaxObjectsInEditor:25165824]]
[2023.07.08-16.37.58:349][  0]LogConfig: Setting CVar [[gc.IncrementalBeginDestroyEnabled:1]]
[2023.07.08-16.37.58:349][  0]LogConfig: Setting CVar [[gc.CreateGCClusters:1]]
[2023.07.08-16.37.58:349][  0]LogConfig: Setting CVar [[gc.MinGCClusterSize:5]]
[2023.07.08-16.37.58:349][  0]LogConfig: Setting CVar [[gc.ActorClusteringEnabled:0]]
[2023.07.08-16.37.58:349][  0]LogConfig: Setting CVar [[gc.BlueprintClusteringEnabled:0]]
[2023.07.08-16.37.58:349][  0]LogConfig: Setting CVar [[gc.UseDisregardForGCOnDedicatedServers:0]]
[2023.07.08-16.37.58:349][  0]LogConfig: Setting CVar [[gc.MultithreadedDestructionEnabled:1]]
[2023.07.08-16.37.58:349][  0]LogConfig: Applying CVar settings from Section [/Script/Engine.NetworkSettings] File [D:/Full Sail - Engine Development/EngineDevelopment/A06_END/Saved/Config/Windows/Engine.ini]
[2023.07.08-16.37.58:349][  0]LogConfig: Applying CVar settings from Section [/Script/UnrealEd.CookerSettings] File [D:/Full Sail - Engine Development/EngineDevelopment/A06_END/Saved/Config/Windows/Engine.ini]
[2023.07.08-16.37.58:365][  0]LogConfig: Applying CVar settings from Section [ViewDistanceQuality@3] File [D:/Full Sail - Engine Development/EngineDevelopment/A06_END/Saved/Config/Windows/Scalability.ini]
[2023.07.08-16.37.58:365][  0]LogConfig: Setting CVar [[r.SkeletalMeshLODBias:0]]
[2023.07.08-16.37.58:365][  0]LogConfig: Setting CVar [[r.ViewDistanceScale:1.0]]
[2023.07.08-16.37.58:365][  0]LogConfig: Applying CVar settings from Section [AntiAliasingQuality@3] File [D:/Full Sail - Engine Development/EngineDevelopment/A06_END/Saved/Config/Windows/Scalability.ini]
[2023.07.08-16.37.58:365][  0]LogConfig: Setting CVar [[r.PostProcessAAQuality:4]]
[2023.07.08-16.37.58:365][  0]LogConfig: Applying CVar settings from Section [ShadowQuality@3] File [D:/Full Sail - Engine Development/EngineDevelopment/A06_END/Saved/Config/Windows/Scalability.ini]
[2023.07.08-16.37.58:365][  0]LogConfig: Setting CVar [[r.LightFunctionQuality:1]]
[2023.07.08-16.37.58:365][  0]LogConfig: Setting CVar [[r.ShadowQuality:5]]
[2023.07.08-16.37.58:365][  0]LogConfig: Setting CVar [[r.Shadow.CSM.MaxCascades:10]]
[2023.07.08-16.37.58:365][  0]LogConfig: Setting CVar [[r.Shadow.MaxResolution:2048]]
[2023.07.08-16.37.58:365][  0]LogConfig: Setting CVar [[r.Shadow.MaxCSMResolution:2048]]
[2023.07.08-16.37.58:365][  0]LogConfig: Setting CVar [[r.Shadow.RadiusThreshold:0.01]]
[2023.07.08-16.37.58:365][  0]LogConfig: Setting CVar [[r.Shadow.DistanceScale:1.0]]
[2023.07.08-16.37.58:365][  0]LogConfig: Setting CVar [[r.Shadow.CSM.TransitionScale:1.0]]
[2023.07.08-16.37.58:365][  0]LogConfig: Setting CVar [[r.Shadow.PreShadowResolutionFactor:1.0]]
[2023.07.08-16.37.58:365][  0]LogConfig: Setting CVar [[r.DistanceFieldShadowing:1]]
[2023.07.08-16.37.58:365][  0]LogConfig: Setting CVar [[r.DistanceFieldAO:1]]
[2023.07.08-16.37.58:365][  0]LogConfig: Setting CVar [[r.AOQuality:2]]
[2023.07.08-16.37.58:365][  0]LogConfig: Setting CVar [[r.VolumetricFog:1]]
[2023.07.08-16.37.58:365][  0]LogConfig: Setting CVar [[r.VolumetricFog.GridPixelSize:8]]
[2023.07.08-16.37.58:365][  0]LogConfig: Setting CVar [[r.VolumetricFog.GridSizeZ:128]]
[2023.07.08-16.37.58:365][  0]LogConfig: Setting CVar [[r.VolumetricFog.HistoryMissSupersampleCount:4]]
[2023.07.08-16.37.58:365][  0]LogConfig: Setting CVar [[r.LightMaxDrawDistanceScale:1]]
[2023.07.08-16.37.58:365][  0]LogConfig: Setting CVar [[r.CapsuleShadows:1]]
[2023.07.08-16.37.58:365][  0]LogConfig: Applying CVar settings from Section [PostProcessQuality@3] File [D:/Full Sail - Engine Development/EngineDevelopment/A06_END/Saved/Config/Windows/Scalability.ini]
[2023.07.08-16.37.58:365][  0]LogConfig: Setting CVar [[r.MotionBlurQuality:4]]
[2023.07.08-16.37.58:365][  0]LogConfig: Setting CVar [[r.AmbientOcclusionMipLevelFactor:0.4]]
[2023.07.08-16.37.58:365][  0]LogConfig: Setting CVar [[r.AmbientOcclusionMaxQuality:100]]
[2023.07.08-16.37.58:365][  0]LogConfig: Setting CVar [[r.AmbientOcclusionLevels:-1]]
[2023.07.08-16.37.58:365][  0]LogConfig: Setting CVar [[r.AmbientOcclusionRadiusScale:1.0]]
[2023.07.08-16.37.58:365][  0]LogConfig: Setting CVar [[r.DepthOfFieldQuality:2]]
[2023.07.08-16.37.58:365][  0]LogConfig: Setting CVar [[r.RenderTargetPoolMin:400]]
[2023.07.08-16.37.58:365][  0]LogConfig: Setting CVar [[r.LensFlareQuality:2]]
[2023.07.08-16.37.58:365][  0]LogConfig: Setting CVar [[r.SceneColorFringeQuality:1]]
[2023.07.08-16.37.58:365][  0]LogConfig: Setting CVar [[r.EyeAdaptationQuality:2]]
[2023.07.08-16.37.58:365][  0]LogConfig: Setting CVar [[r.BloomQuality:5]]
[2023.07.08-16.37.58:365][  0]LogConfig: Setting CVar [[r.FastBlurThreshold:100]]
[2023.07.08-16.37.58:365][  0]LogConfig: Setting CVar [[r.Upscale.Quality:3]]
[2023.07.08-16.37.58:365][  0]LogConfig: Setting CVar [[r.Tonemapper.GrainQuantization:1]]
[2023.07.08-16.37.58:365][  0]LogConfig: Setting CVar [[r.LightShaftQuality:1]]
[2023.07.08-16.37.58:365][  0]LogConfig: Setting CVar [[r.Filter.SizeScale:1]]
[2023.07.08-16.37.58:365][  0]LogConfig: Setting CVar [[r.Tonemapper.Quality:5]]
[2023.07.08-16.37.58:365][  0]LogConfig: Setting CVar [[r.DOF.Gather.AccumulatorQuality:1        ; higher gathering accumulator quality]]
[2023.07.08-16.37.58:365][  0]LogConfig: Setting CVar [[r.DOF.Gather.PostfilterMethod:1          ; Median3x3 postfilering method]]
[2023.07.08-16.37.58:365][  0]LogConfig: Setting CVar [[r.DOF.Gather.EnableBokehSettings:0       ; no bokeh simulation when gathering]]
[2023.07.08-16.37.58:365][  0]LogConfig: Setting CVar [[r.DOF.Gather.RingCount:4                 ; medium number of samples when gathering]]
[2023.07.08-16.37.58:365][  0]LogConfig: Setting CVar [[r.DOF.Scatter.ForegroundCompositing:1    ; additive foreground scattering]]
[2023.07.08-16.37.58:365][  0]LogConfig: Setting CVar [[r.DOF.Scatter.BackgroundCompositing:2    ; additive background scattering]]
[2023.07.08-16.37.58:365][  0]LogConfig: Setting CVar [[r.DOF.Scatter.EnableBokehSettings:1      ; bokeh simulation when scattering]]
[2023.07.08-16.37.58:365][  0]LogConfig: Setting CVar [[r.DOF.Scatter.MaxSpriteRatio:0.1         ; only a maximum of 10% of scattered bokeh]]
[2023.07.08-16.37.58:365][  0]LogConfig: Setting CVar [[r.DOF.Recombine.Quality:1                ; cheap slight out of focus]]
[2023.07.08-16.37.58:365][  0]LogConfig: Setting CVar [[r.DOF.Recombine.EnableBokehSettings:0    ; no bokeh simulation on slight out of focus]]
[2023.07.08-16.37.58:365][  0]LogConfig: Setting CVar [[r.DOF.TemporalAAQuality:1                ; more stable temporal accumulation]]
[2023.07.08-16.37.58:365][  0]LogConfig: Setting CVar [[r.DOF.Kernel.MaxForegroundRadius:0.025]]
[2023.07.08-16.37.58:365][  0]LogConfig: Setting CVar [[r.DOF.Kernel.MaxBackgroundRadius:0.025]]
[2023.07.08-16.37.58:365][  0]LogConfig: Applying CVar settings from Section [TextureQuality@3] File [D:/Full Sail - Engine Development/EngineDevelopment/A06_END/Saved/Config/Windows/Scalability.ini]
[2023.07.08-16.37.58:365][  0]LogConfig: Setting CVar [[r.Streaming.MipBias:0]]
[2023.07.08-16.37.58:365][  0]LogConfig: Setting CVar [[r.Streaming.AmortizeCPUToGPUCopy:0]]
[2023.07.08-16.37.58:365][  0]LogConfig: Setting CVar [[r.Streaming.MaxNumTexturesToStreamPerFrame:0]]
[2023.07.08-16.37.58:365][  0]LogConfig: Setting CVar [[r.Streaming.Boost:1]]
[2023.07.08-16.37.58:365][  0]LogConfig: Setting CVar [[r.MaxAnisotropy:8]]
[2023.07.08-16.37.58:365][  0]LogConfig: Setting CVar [[r.VT.MaxAnisotropy:8]]
[2023.07.08-16.37.58:365][  0]LogConfig: Setting CVar [[r.Streaming.LimitPoolSizeToVRAM:0]]
[2023.07.08-16.37.58:365][  0]LogConfig: Setting CVar [[r.Streaming.PoolSize:1000]]
[2023.07.08-16.37.58:365][  0]LogConfig: Setting CVar [[r.Streaming.MaxEffectiveScreenSize:0]]
[2023.07.08-16.37.58:365][  0]LogConfig: Applying CVar settings from Section [EffectsQuality@3] File [D:/Full Sail - Engine Development/EngineDevelopment/A06_END/Saved/Config/Windows/Scalability.ini]
[2023.07.08-16.37.58:365][  0]LogConfig: Setting CVar [[r.TranslucencyLightingVolumeDim:64]]
[2023.07.08-16.37.58:365][  0]LogConfig: Setting CVar [[r.RefractionQuality:2]]
[2023.07.08-16.37.58:365][  0]LogConfig: Setting CVar [[r.SSR.Quality:3]]
[2023.07.08-16.37.58:365][  0]LogConfig: Setting CVar [[r.SSR.HalfResSceneColor:0]]
[2023.07.08-16.37.58:365][  0]LogConfig: Setting CVar [[r.SceneColorFormat:4]]
[2023.07.08-16.37.58:365][  0]LogConfig: Setting CVar [[r.DetailMode:2]]
[2023.07.08-16.37.58:366][  0]LogConfig: Setting CVar [[r.TranslucencyVolumeBlur:1]]
[2023.07.08-16.37.58:366][  0]LogConfig: Setting CVar [[r.MaterialQualityLevel:1 ; High quality]]
[2023.07.08-16.37.58:366][  0]LogConfig: Setting CVar [[r.AnisotropicMaterials:1]]
[2023.07.08-16.37.58:366][  0]LogConfig: Setting CVar [[r.SSS.Scale:1]]
[2023.07.08-16.37.58:366][  0]LogConfig: Setting CVar [[r.SSS.SampleSet:2]]
[2023.07.08-16.37.58:366][  0]LogConfig: Setting CVar [[r.SSS.Quality:1]]
[2023.07.08-16.37.58:366][  0]LogConfig: Setting CVar [[r.SSS.HalfRes:0]]
[2023.07.08-16.37.58:366][  0]LogConfig: Setting CVar [[r.SSGI.Quality:3]]
[2023.07.08-16.37.58:366][  0]LogConfig: Setting CVar [[r.EmitterSpawnRateScale:1.0]]
[2023.07.08-16.37.58:366][  0]LogConfig: Setting CVar [[r.ParticleLightQuality:2]]
[2023.07.08-16.37.58:366][  0]LogConfig: Setting CVar [[r.SkyAtmosphere.AerialPerspectiveLUT.FastApplyOnOpaque:1 ; Always have FastSkyLUT 1 in this case to avoid wrong sky]]
[2023.07.08-16.37.58:366][  0]LogConfig: Setting CVar [[r.SkyAtmosphere.AerialPerspectiveLUT.SampleCountMaxPerSlice:4]]
[2023.07.08-16.37.58:366][  0]LogConfig: Setting CVar [[r.SkyAtmosphere.AerialPerspectiveLUT.DepthResolution:16.0]]
[2023.07.08-16.37.58:366][  0]LogConfig: Setting CVar [[r.SkyAtmosphere.FastSkyLUT:1]]
[2023.07.08-16.37.58:366][  0]LogConfig: Setting CVar [[r.SkyAtmosphere.FastSkyLUT.SampleCountMin:4.0]]
[2023.07.08-16.37.58:366][  0]LogConfig: Setting CVar [[r.SkyAtmosphere.FastSkyLUT.SampleCountMax:128.0]]
[2023.07.08-16.37.58:366][  0]LogConfig: Setting CVar [[r.SkyAtmosphere.SampleCountMin:4.0]]
[2023.07.08-16.37.58:366][  0]LogConfig: Setting CVar [[r.SkyAtmosphere.SampleCountMax:128.0]]
[2023.07.08-16.37.58:366][  0]LogConfig: Setting CVar [[r.SkyAtmosphere.TransmittanceLUT.UseSmallFormat:0]]
[2023.07.08-16.37.58:366][  0]LogConfig: Setting CVar [[r.SkyAtmosphere.TransmittanceLUT.SampleCount:10.0]]
[2023.07.08-16.37.58:366][  0]LogConfig: Setting CVar [[r.SkyAtmosphere.MultiScatteringLUT.SampleCount:15.0]]
[2023.07.08-16.37.58:366][  0]LogConfig: Setting CVar [[r.SkyLight.RealTimeReflectionCapture:1]]
[2023.07.08-16.37.58:366][  0]LogConfig: Applying CVar settings from Section [FoliageQuality@3] File [D:/Full Sail - Engine Development/EngineDevelopment/A06_END/Saved/Config/Windows/Scalability.ini]
[2023.07.08-16.37.58:366][  0]LogConfig: Setting CVar [[foliage.DensityScale:1.0]]
[2023.07.08-16.37.58:366][  0]LogConfig: Setting CVar [[grass.DensityScale:1.0]]
[2023.07.08-16.37.58:366][  0]LogConfig: Applying CVar settings from Section [ShadingQuality@3] File [D:/Full Sail - Engine Development/EngineDevelopment/A06_END/Saved/Config/Windows/Scalability.ini]
[2023.07.08-16.37.58:366][  0]LogConfig: Setting CVar [[r.HairStrands.SkyLighting.IntegrationType:2]]
[2023.07.08-16.37.58:366][  0]LogConfig: Setting CVar [[r.HairStrands.SkyAO.SampleCount:4]]
[2023.07.08-16.37.58:366][  0]LogConfig: Setting CVar [[r.HairStrands.Visibility.MSAA.SamplePerPixel:4]]
[2023.07.08-16.37.58:367][  0]LogInit: Selected Device Profile: [Windows]
[2023.07.08-16.37.58:367][  0]LogInit: Applying CVar settings loaded from the selected device profile: [Windows]
[2023.07.08-16.37.58:369][  0]LogHAL: Display: Platform has ~ 32 GB [34270482432 / 34359738368 / 32], which maps to Largest [LargestMinGB=32, LargerMinGB=12, DefaultMinGB=8, SmallerMinGB=6, SmallestMinGB=0)
[2023.07.08-16.37.58:369][  0]LogInit: Going up to parent DeviceProfile []
[2023.07.08-16.37.58:369][  0]LogConfig: Applying CVar settings from Section [ViewDistanceQuality@3] File [D:/Full Sail - Engine Development/EngineDevelopment/A06_END/Saved/Config/Windows/Scalability.ini]
[2023.07.08-16.37.58:369][  0]LogConfig: Setting CVar [[r.SkeletalMeshLODBias:0]]
[2023.07.08-16.37.58:369][  0]LogConfig: Setting CVar [[r.ViewDistanceScale:1.0]]
[2023.07.08-16.37.58:369][  0]LogConfig: Applying CVar settings from Section [AntiAliasingQuality@3] File [D:/Full Sail - Engine Development/EngineDevelopment/A06_END/Saved/Config/Windows/Scalability.ini]
[2023.07.08-16.37.58:369][  0]LogConfig: Setting CVar [[r.PostProcessAAQuality:4]]
[2023.07.08-16.37.58:369][  0]LogConfig: Applying CVar settings from Section [ShadowQuality@3] File [D:/Full Sail - Engine Development/EngineDevelopment/A06_END/Saved/Config/Windows/Scalability.ini]
[2023.07.08-16.37.58:369][  0]LogConfig: Setting CVar [[r.LightFunctionQuality:1]]
[2023.07.08-16.37.58:369][  0]LogConfig: Setting CVar [[r.ShadowQuality:5]]
[2023.07.08-16.37.58:369][  0]LogConfig: Setting CVar [[r.Shadow.CSM.MaxCascades:10]]
[2023.07.08-16.37.58:369][  0]LogConfig: Setting CVar [[r.Shadow.MaxResolution:2048]]
[2023.07.08-16.37.58:369][  0]LogConfig: Setting CVar [[r.Shadow.MaxCSMResolution:2048]]
[2023.07.08-16.37.58:369][  0]LogConfig: Setting CVar [[r.Shadow.RadiusThreshold:0.01]]
[2023.07.08-16.37.58:369][  0]LogConfig: Setting CVar [[r.Shadow.DistanceScale:1.0]]
[2023.07.08-16.37.58:369][  0]LogConfig: Setting CVar [[r.Shadow.CSM.TransitionScale:1.0]]
[2023.07.08-16.37.58:369][  0]LogConfig: Setting CVar [[r.Shadow.PreShadowResolutionFactor:1.0]]
[2023.07.08-16.37.58:369][  0]LogConfig: Setting CVar [[r.DistanceFieldShadowing:1]]
[2023.07.08-16.37.58:369][  0]LogConfig: Setting CVar [[r.DistanceFieldAO:1]]
[2023.07.08-16.37.58:369][  0]LogConfig: Setting CVar [[r.AOQuality:2]]
[2023.07.08-16.37.58:369][  0]LogConfig: Setting CVar [[r.VolumetricFog:1]]
[2023.07.08-16.37.58:369][  0]LogConfig: Setting CVar [[r.VolumetricFog.GridPixelSize:8]]
[2023.07.08-16.37.58:369][  0]LogConfig: Setting CVar [[r.VolumetricFog.GridSizeZ:128]]
[2023.07.08-16.37.58:369][  0]LogConfig: Setting CVar [[r.VolumetricFog.HistoryMissSupersampleCount:4]]
[2023.07.08-16.37.58:369][  0]LogConfig: Setting CVar [[r.LightMaxDrawDistanceScale:1]]
[2023.07.08-16.37.58:369][  0]LogConfig: Setting CVar [[r.CapsuleShadows:1]]
[2023.07.08-16.37.58:369][  0]LogConfig: Applying CVar settings from Section [PostProcessQuality@3] File [D:/Full Sail - Engine Development/EngineDevelopment/A06_END/Saved/Config/Windows/Scalability.ini]
[2023.07.08-16.37.58:369][  0]LogConfig: Setting CVar [[r.MotionBlurQuality:4]]
[2023.07.08-16.37.58:369][  0]LogConfig: Setting CVar [[r.AmbientOcclusionMipLevelFactor:0.4]]
[2023.07.08-16.37.58:369][  0]LogConfig: Setting CVar [[r.AmbientOcclusionMaxQuality:100]]
[2023.07.08-16.37.58:369][  0]LogConfig: Setting CVar [[r.AmbientOcclusionLevels:-1]]
[2023.07.08-16.37.58:369][  0]LogConfig: Setting CVar [[r.AmbientOcclusionRadiusScale:1.0]]
[2023.07.08-16.37.58:369][  0]LogConfig: Setting CVar [[r.DepthOfFieldQuality:2]]
[2023.07.08-16.37.58:369][  0]LogConfig: Setting CVar [[r.RenderTargetPoolMin:400]]
[2023.07.08-16.37.58:369][  0]LogConfig: Setting CVar [[r.LensFlareQuality:2]]
[2023.07.08-16.37.58:369][  0]LogConfig: Setting CVar [[r.SceneColorFringeQuality:1]]
[2023.07.08-16.37.58:369][  0]LogConfig: Setting CVar [[r.EyeAdaptationQuality:2]]
[2023.07.08-16.37.58:369][  0]LogConfig: Setting CVar [[r.BloomQuality:5]]
[2023.07.08-16.37.58:369][  0]LogConfig: Setting CVar [[r.FastBlurThreshold:100]]
[2023.07.08-16.37.58:369][  0]LogConfig: Setting CVar [[r.Upscale.Quality:3]]
[2023.07.08-16.37.58:369][  0]LogConfig: Setting CVar [[r.Tonemapper.GrainQuantization:1]]
[2023.07.08-16.37.58:369][  0]LogConfig: Setting CVar [[r.LightShaftQuality:1]]
[2023.07.08-16.37.58:369][  0]LogConfig: Setting CVar [[r.Filter.SizeScale:1]]
[2023.07.08-16.37.58:369][  0]LogConfig: Setting CVar [[r.Tonemapper.Quality:5]]
[2023.07.08-16.37.58:369][  0]LogConfig: Setting CVar [[r.DOF.Gather.AccumulatorQuality:1        ; higher gathering accumulator quality]]
[2023.07.08-16.37.58:369][  0]LogConfig: Setting CVar [[r.DOF.Gather.PostfilterMethod:1          ; Median3x3 postfilering method]]
[2023.07.08-16.37.58:369][  0]LogConfig: Setting CVar [[r.DOF.Gather.EnableBokehSettings:0       ; no bokeh simulation when gathering]]
[2023.07.08-16.37.58:369][  0]LogConfig: Setting CVar [[r.DOF.Gather.RingCount:4                 ; medium number of samples when gathering]]
[2023.07.08-16.37.58:369][  0]LogConfig: Setting CVar [[r.DOF.Scatter.ForegroundCompositing:1    ; additive foreground scattering]]
[2023.07.08-16.37.58:369][  0]LogConfig: Setting CVar [[r.DOF.Scatter.BackgroundCompositing:2    ; additive background scattering]]
[2023.07.08-16.37.58:369][  0]LogConfig: Setting CVar [[r.DOF.Scatter.EnableBokehSettings:1      ; bokeh simulation when scattering]]
[2023.07.08-16.37.58:369][  0]LogConfig: Setting CVar [[r.DOF.Scatter.MaxSpriteRatio:0.1         ; only a maximum of 10% of scattered bokeh]]
[2023.07.08-16.37.58:369][  0]LogConfig: Setting CVar [[r.DOF.Recombine.Quality:1                ; cheap slight out of focus]]
[2023.07.08-16.37.58:369][  0]LogConfig: Setting CVar [[r.DOF.Recombine.EnableBokehSettings:0    ; no bokeh simulation on slight out of focus]]
[2023.07.08-16.37.58:369][  0]LogConfig: Setting CVar [[r.DOF.TemporalAAQuality:1                ; more stable temporal accumulation]]
[2023.07.08-16.37.58:369][  0]LogConfig: Setting CVar [[r.DOF.Kernel.MaxForegroundRadius:0.025]]
[2023.07.08-16.37.58:369][  0]LogConfig: Setting CVar [[r.DOF.Kernel.MaxBackgroundRadius:0.025]]
[2023.07.08-16.37.58:369][  0]LogConfig: Applying CVar settings from Section [TextureQuality@3] File [D:/Full Sail - Engine Development/EngineDevelopment/A06_END/Saved/Config/Windows/Scalability.ini]
[2023.07.08-16.37.58:369][  0]LogConfig: Setting CVar [[r.Streaming.MipBias:0]]
[2023.07.08-16.37.58:369][  0]LogConfig: Setting CVar [[r.Streaming.AmortizeCPUToGPUCopy:0]]
[2023.07.08-16.37.58:369][  0]LogConfig: Setting CVar [[r.Streaming.MaxNumTexturesToStreamPerFrame:0]]
[2023.07.08-16.37.58:369][  0]LogConfig: Setting CVar [[r.Streaming.Boost:1]]
[2023.07.08-16.37.58:369][  0]LogConfig: Setting CVar [[r.MaxAnisotropy:8]]
[2023.07.08-16.37.58:369][  0]LogConfig: Setting CVar [[r.VT.MaxAnisotropy:8]]
[2023.07.08-16.37.58:369][  0]LogConfig: Setting CVar [[r.Streaming.LimitPoolSizeToVRAM:0]]
[2023.07.08-16.37.58:369][  0]LogConfig: Setting CVar [[r.Streaming.PoolSize:1000]]
[2023.07.08-16.37.58:369][  0]LogConfig: Setting CVar [[r.Streaming.MaxEffectiveScreenSize:0]]
[2023.07.08-16.37.58:369][  0]LogConfig: Applying CVar settings from Section [EffectsQuality@3] File [D:/Full Sail - Engine Development/EngineDevelopment/A06_END/Saved/Config/Windows/Scalability.ini]
[2023.07.08-16.37.58:369][  0]LogConfig: Setting CVar [[r.TranslucencyLightingVolumeDim:64]]
[2023.07.08-16.37.58:369][  0]LogConfig: Setting CVar [[r.RefractionQuality:2]]
[2023.07.08-16.37.58:369][  0]LogConfig: Setting CVar [[r.SSR.Quality:3]]
[2023.07.08-16.37.58:369][  0]LogConfig: Setting CVar [[r.SSR.HalfResSceneColor:0]]
[2023.07.08-16.37.58:369][  0]LogConfig: Setting CVar [[r.SceneColorFormat:4]]
[2023.07.08-16.37.58:369][  0]LogConfig: Setting CVar [[r.DetailMode:2]]
[2023.07.08-16.37.58:369][  0]LogConfig: Setting CVar [[r.TranslucencyVolumeBlur:1]]
[2023.07.08-16.37.58:369][  0]LogConfig: Setting CVar [[r.MaterialQualityLevel:1 ; High quality]]
[2023.07.08-16.37.58:369][  0]LogConfig: Setting CVar [[r.AnisotropicMaterials:1]]
[2023.07.08-16.37.58:369][  0]LogConfig: Setting CVar [[r.SSS.Scale:1]]
[2023.07.08-16.37.58:369][  0]LogConfig: Setting CVar [[r.SSS.SampleSet:2]]
[2023.07.08-16.37.58:369][  0]LogConfig: Setting CVar [[r.SSS.Quality:1]]
[2023.07.08-16.37.58:369][  0]LogConfig: Setting CVar [[r.SSS.HalfRes:0]]
[2023.07.08-16.37.58:369][  0]LogConfig: Setting CVar [[r.SSGI.Quality:3]]
[2023.07.08-16.37.58:369][  0]LogConfig: Setting CVar [[r.EmitterSpawnRateScale:1.0]]
[2023.07.08-16.37.58:369][  0]LogConfig: Setting CVar [[r.ParticleLightQuality:2]]
[2023.07.08-16.37.58:369][  0]LogConfig: Setting CVar [[r.SkyAtmosphere.AerialPerspectiveLUT.FastApplyOnOpaque:1 ; Always have FastSkyLUT 1 in this case to avoid wrong sky]]
[2023.07.08-16.37.58:369][  0]LogConfig: Setting CVar [[r.SkyAtmosphere.AerialPerspectiveLUT.SampleCountMaxPerSlice:4]]
[2023.07.08-16.37.58:369][  0]LogConfig: Setting CVar [[r.SkyAtmosphere.AerialPerspectiveLUT.DepthResolution:16.0]]
[2023.07.08-16.37.58:369][  0]LogConfig: Setting CVar [[r.SkyAtmosphere.FastSkyLUT:1]]
[2023.07.08-16.37.58:369][  0]LogConfig: Setting CVar [[r.SkyAtmosphere.FastSkyLUT.SampleCountMin:4.0]]
[2023.07.08-16.37.58:369][  0]LogConfig: Setting CVar [[r.SkyAtmosphere.FastSkyLUT.SampleCountMax:128.0]]
[2023.07.08-16.37.58:369][  0]LogConfig: Setting CVar [[r.SkyAtmosphere.SampleCountMin:4.0]]
[2023.07.08-16.37.58:369][  0]LogConfig: Setting CVar [[r.SkyAtmosphere.SampleCountMax:128.0]]
[2023.07.08-16.37.58:369][  0]LogConfig: Setting CVar [[r.SkyAtmosphere.TransmittanceLUT.UseSmallFormat:0]]
[2023.07.08-16.37.58:369][  0]LogConfig: Setting CVar [[r.SkyAtmosphere.TransmittanceLUT.SampleCount:10.0]]
[2023.07.08-16.37.58:369][  0]LogConfig: Setting CVar [[r.SkyAtmosphere.MultiScatteringLUT.SampleCount:15.0]]
[2023.07.08-16.37.58:369][  0]LogConfig: Setting CVar [[r.SkyLight.RealTimeReflectionCapture:1]]
[2023.07.08-16.37.58:369][  0]LogConfig: Applying CVar settings from Section [FoliageQuality@3] File [D:/Full Sail - Engine Development/EngineDevelopment/A06_END/Saved/Config/Windows/Scalability.ini]
[2023.07.08-16.37.58:369][  0]LogConfig: Setting CVar [[foliage.DensityScale:1.0]]
[2023.07.08-16.37.58:369][  0]LogConfig: Setting CVar [[grass.DensityScale:1.0]]
[2023.07.08-16.37.58:369][  0]LogConfig: Applying CVar settings from Section [ShadingQuality@3] File [D:/Full Sail - Engine Development/EngineDevelopment/A06_END/Saved/Config/Windows/Scalability.ini]
[2023.07.08-16.37.58:369][  0]LogConfig: Setting CVar [[r.HairStrands.SkyLighting.IntegrationType:2]]
[2023.07.08-16.37.58:369][  0]LogConfig: Setting CVar [[r.HairStrands.SkyAO.SampleCount:4]]
[2023.07.08-16.37.58:369][  0]LogConfig: Setting CVar [[r.HairStrands.Visibility.MSAA.SamplePerPixel:4]]
[2023.07.08-16.37.58:369][  0]LogConfig: Applying CVar settings from Section [Startup] File [../../../Engine/Config/ConsoleVariables.ini]
[2023.07.08-16.37.58:371][  0]LogConfig: Setting CVar [[net.UseAdaptiveNetUpdateFrequency:0]]
[2023.07.08-16.37.58:371][  0]LogConfig: Setting CVar [[p.chaos.AllowCreatePhysxBodies:1]]
[2023.07.08-16.37.58:371][  0]LogConfig: Setting CVar [[fx.SkipVectorVMBackendOptimizations:1]]
[2023.07.08-16.37.58:371][  0]LogConfig: Applying CVar settings from Section [ConsoleVariables] File [D:/Full Sail - Engine Development/EngineDevelopment/A06_END/Saved/Config/Windows/Engine.ini]
[2023.07.08-16.37.58:371][  0]LogConfig: Applying CVar settings from Section [ConsoleVariables] File [D:/Full Sail - Engine Development/EngineDevelopment/A06_END/Saved/Config/Windows/Editor.ini]
[2023.07.08-16.37.58:372][  0]LogInit: Computer: MATTHEWPC
[2023.07.08-16.37.58:372][  0]LogInit: User: thela
[2023.07.08-16.37.58:372][  0]LogInit: CPU Page size=4096, Cores=8
[2023.07.08-16.37.58:372][  0]LogInit: High frequency timer resolution =10.000000 MHz
[2023.07.08-16.37.58:372][  0]LogMemory: Memory total: Physical=31.9GB (32GB approx)
[2023.07.08-16.37.58:372][  0]LogMemory: Platform Memory Stats for Windows
[2023.07.08-16.37.58:372][  0]LogMemory: Process Physical Memory: 151.11 MB used, 155.44 MB peak
[2023.07.08-16.37.58:372][  0]LogMemory: Process Virtual Memory: 131.95 MB used, 131.95 MB peak
[2023.07.08-16.37.58:372][  0]LogMemory: Physical Memory: 12564.52 MB used,  20118.36 MB free, 32682.88 MB total
[2023.07.08-16.37.58:372][  0]LogMemory: Virtual Memory: 134198808.00 MB used,  18920.00 MB free, 134217728.00 MB total
[2023.07.08-16.37.58:377][  0]LogWindows: WindowsPlatformFeatures enabled
[2023.07.08-16.37.58:542][  0]LogInit: Physics initialised using underlying interface: PhysX
[2023.07.08-16.37.58:551][  0]LogInit: Using OS detected language (en-US).
[2023.07.08-16.37.58:551][  0]LogInit: Using OS detected locale (en-US).
[2023.07.08-16.37.58:587][  0]LogTextLocalizationManager: No specific localization for 'en-US' exists, so the 'en' localization will be used.
[2023.07.08-16.37.58:810][  0]LogInit: Setting process to per monitor DPI aware
[2023.07.08-16.37.58:841][  0]LogWindowsTextInputMethodSystem: Display: IME system deactivated.
[2023.07.08-16.37.58:902][  0]LogSlate: New Slate User Created.  User Index 0, Is Virtual User: 0
[2023.07.08-16.37.58:902][  0]LogSlate: Slate User Registered.  User Index 0, Is Virtual User: 0
[2023.07.08-16.38.01:062][  0]LogD3D11RHI: Loaded GFSDK_Aftermath_Lib.x64.dll
[2023.07.08-16.38.06:731][  0]LogHMD: Failed to initialize OpenVR with code 108
[2023.07.08-16.38.06:731][  0]LogD3D11RHI: D3D11 min allowed feature level: 11_0
[2023.07.08-16.38.06:731][  0]LogD3D11RHI: D3D11 max allowed feature level: 11_0
[2023.07.08-16.38.06:731][  0]LogD3D11RHI: D3D11 adapters:
[2023.07.08-16.38.06:871][  0]LogD3D11RHI:    0. 'NVIDIA GeForce RTX 2080 SUPER' (Feature Level 11_0)
[2023.07.08-16.38.06:871][  0]LogD3D11RHI:       8001/0/16341 MB DedicatedVideo/DedicatedSystem/SharedSystem, Outputs:2, VendorId:0x10de
[2023.07.08-16.38.06:874][  0]LogD3D11RHI:    1. 'Microsoft Basic Render Driver' (Feature Level 11_0)
[2023.07.08-16.38.06:874][  0]LogD3D11RHI:       0/0/16341 MB DedicatedVideo/DedicatedSystem/SharedSystem, Outputs:0, VendorId:0x1414
[2023.07.08-16.38.06:874][  0]LogD3D11RHI: Chosen D3D11 Adapter:
[2023.07.08-16.38.06:874][  0]LogD3D11RHI:     Description : NVIDIA GeForce RTX 2080 SUPER
[2023.07.08-16.38.06:874][  0]LogD3D11RHI:     VendorId    : 10de
[2023.07.08-16.38.06:874][  0]LogD3D11RHI:     DeviceId    : 1e81
[2023.07.08-16.38.06:874][  0]LogD3D11RHI:     SubSysId    : 30813842
[2023.07.08-16.38.06:874][  0]LogD3D11RHI:     Revision    : 00a1
[2023.07.08-16.38.06:874][  0]LogD3D11RHI:     DedicatedVideoMemory : 8389656576 bytes
[2023.07.08-16.38.06:874][  0]LogD3D11RHI:     DedicatedSystemMemory : 0 bytes
[2023.07.08-16.38.06:874][  0]LogD3D11RHI:     SharedSystemMemory : 17135241216 bytes
[2023.07.08-16.38.06:874][  0]LogD3D11RHI:     AdapterLuid : 0 90865
[2023.07.08-16.38.06:882][  0]LogD3D11RHI: Creating new Direct3DDevice
[2023.07.08-16.38.06:882][  0]LogD3D11RHI:     GPU DeviceId: 0x1e81 (for the marketing name, search the web for "GPU Device Id")
[2023.07.08-16.38.06:882][  0]LogWindows: EnumDisplayDevices:
[2023.07.08-16.38.06:882][  0]LogWindows:    0. 'NVIDIA GeForce RTX 2080 SUPER' (P:1 D:1)
[2023.07.08-16.38.06:882][  0]LogWindows:    1. 'NVIDIA GeForce RTX 2080 SUPER' (P:0 D:1)
[2023.07.08-16.38.06:884][  0]LogWindows:    2. 'NVIDIA GeForce RTX 2080 SUPER' (P:0 D:0)
[2023.07.08-16.38.06:884][  0]LogWindows:    3. 'NVIDIA GeForce RTX 2080 SUPER' (P:0 D:0)
[2023.07.08-16.38.06:884][  0]LogWindows: DebugString: FoundDriverCount:4 
[2023.07.08-16.38.06:884][  0]LogD3D11RHI:     Adapter Name: NVIDIA GeForce RTX 2080 SUPER
[2023.07.08-16.38.06:884][  0]LogD3D11RHI:   Driver Version: 528.49 (internal:31.0.15.2849, unified:528.49)
[2023.07.08-16.38.06:884][  0]LogD3D11RHI:      Driver Date: 2-2-2023
[2023.07.08-16.38.06:884][  0]LogRHI: Texture pool is 5600 MB (70% of 8001 MB)
[2023.07.08-16.38.06:884][  0]LogD3D11RHI: Creating D3DDevice using adapter:
[2023.07.08-16.38.06:884][  0]LogD3D11RHI:     Description : NVIDIA GeForce RTX 2080 SUPER
[2023.07.08-16.38.06:884][  0]LogD3D11RHI:     VendorId    : 10de
[2023.07.08-16.38.06:884][  0]LogD3D11RHI:     DeviceId    : 1e81
[2023.07.08-16.38.06:884][  0]LogD3D11RHI:     SubSysId    : 30813842
[2023.07.08-16.38.06:884][  0]LogD3D11RHI:     Revision    : 00a1
[2023.07.08-16.38.06:884][  0]LogD3D11RHI:     DedicatedVideoMemory : 8389656576 bytes
[2023.07.08-16.38.06:884][  0]LogD3D11RHI:     DedicatedSystemMemory : 0 bytes
[2023.07.08-16.38.06:884][  0]LogD3D11RHI:     SharedSystemMemory : 17135241216 bytes
[2023.07.08-16.38.06:884][  0]LogD3D11RHI:     AdapterLuid : 0 90865
[2023.07.08-16.38.06:932][  0]LogD3D11RHI: RHI has support for 64 bit atomics
[2023.07.08-16.38.06:933][  0]LogD3D11RHI: Async texture creation enabled
[2023.07.08-16.38.06:933][  0]LogD3D11RHI: Array index from any shader is supported
[2023.07.08-16.38.07:019][  0]LogD3D11RHI: GPU Timing Frequency: 1000.000000 (Debug: 2 1)
[2023.07.08-16.38.07:052][  0]LogRHI: GeForceNow SDK initialized: 1
[2023.07.08-16.38.07:292][  0]LogTargetPlatformManager: Display: Loaded TargetPlatform 'AllDesktop'
[2023.07.08-16.38.07:311][  0]LogTargetPlatformManager: Display: Loaded TargetPlatform 'Android'
[2023.07.08-16.38.07:311][  0]LogTargetPlatformManager: Display: Loaded TargetPlatform 'Android_ASTC'
[2023.07.08-16.38.07:311][  0]LogTargetPlatformManager: Display: Loaded TargetPlatform 'Android_DXT'
[2023.07.08-16.38.07:311][  0]LogTargetPlatformManager: Display: Loaded TargetPlatform 'Android_ETC2'
[2023.07.08-16.38.07:311][  0]LogTargetPlatformManager: Display: Loaded TargetPlatform 'AndroidClient'
[2023.07.08-16.38.07:311][  0]LogTargetPlatformManager: Display: Loaded TargetPlatform 'Android_ASTCClient'
[2023.07.08-16.38.07:311][  0]LogTargetPlatformManager: Display: Loaded TargetPlatform 'Android_DXTClient'
[2023.07.08-16.38.07:311][  0]LogTargetPlatformManager: Display: Loaded TargetPlatform 'Android_ETC2Client'
[2023.07.08-16.38.07:311][  0]LogTargetPlatformManager: Display: Loaded TargetPlatform 'Android_Multi'
[2023.07.08-16.38.07:311][  0]LogTargetPlatformManager: Display: Loaded TargetPlatform 'Android_MultiClient'
[2023.07.08-16.38.07:334][  0]LogTargetPlatformManager: Display: Loaded TargetPlatform 'IOSClient'
[2023.07.08-16.38.07:334][  0]LogTargetPlatformManager: Display: Loaded TargetPlatform 'IOS'
[2023.07.08-16.38.07:350][  0]LogTargetPlatformManager: Display: Loaded TargetPlatform 'Linux'
[2023.07.08-16.38.07:356][  0]LogTargetPlatformManager: Display: Loaded TargetPlatform 'LinuxNoEditor'
[2023.07.08-16.38.07:363][  0]LogTargetPlatformManager: Display: Loaded TargetPlatform 'LinuxClient'
[2023.07.08-16.38.07:368][  0]LogTargetPlatformManager: Display: Loaded TargetPlatform 'LinuxServer'
[2023.07.08-16.38.07:381][  0]LogTargetPlatformManager: Display: Loaded TargetPlatform 'LinuxAArch64NoEditor'
[2023.07.08-16.38.07:387][  0]LogTargetPlatformManager: Display: Loaded TargetPlatform 'LinuxAArch64Client'
[2023.07.08-16.38.07:393][  0]LogTargetPlatformManager: Display: Loaded TargetPlatform 'LinuxAArch64Server'
[2023.07.08-16.38.07:418][  0]LogTargetPlatformManager: Display: Loaded TargetPlatform 'Lumin'
[2023.07.08-16.38.07:418][  0]LogTargetPlatformManager: Display: Loaded TargetPlatform 'LuminClient'
[2023.07.08-16.38.07:433][  0]LogTargetPlatformManager: Display: Loaded TargetPlatform 'MacNoEditor'
[2023.07.08-16.38.07:439][  0]LogTargetPlatformManager: Display: Loaded TargetPlatform 'Mac'
[2023.07.08-16.38.07:444][  0]LogTargetPlatformManager: Display: Loaded TargetPlatform 'MacClient'
[2023.07.08-16.38.07:450][  0]LogTargetPlatformManager: Display: Loaded TargetPlatform 'MacServer'
[2023.07.08-16.38.07:459][  0]LogTargetPlatformManager: Display: Loaded TargetPlatform 'TVOSClient'
[2023.07.08-16.38.07:459][  0]LogTargetPlatformManager: Display: Loaded TargetPlatform 'TVOS'
[2023.07.08-16.38.07:469][  0]LogTargetPlatformManager: Display: Loaded TargetPlatform 'WindowsNoEditor'
[2023.07.08-16.38.07:474][  0]LogTargetPlatformManager: Display: Loaded TargetPlatform 'Windows'
[2023.07.08-16.38.07:480][  0]LogTargetPlatformManager: Display: Loaded TargetPlatform 'WindowsClient'
[2023.07.08-16.38.07:487][  0]LogTargetPlatformManager: Display: Loaded TargetPlatform 'WindowsServer'
[2023.07.08-16.38.07:487][  0]LogTargetPlatformManager: Display: Building Assets For Windows
[2023.07.08-16.38.07:502][  0]LogAudioDebug: Display: Lib vorbis DLL was dynamically loaded.
[2023.07.08-16.38.07:557][  0]LogTextureFormatOodle: Display: Oodle Texture 2.9.0 init RDO Off
[2023.07.08-16.38.07:686][  0]LogRendererCore: Ray tracing is disabled. Reason: r.RayTracing=0.
[2023.07.08-16.38.07:689][  0]LogShaderCompilers: Guid format shader working directory is -14 characters bigger than the processId version (D:/Full Sail - Engine Development/EngineDevelopment/A06_END/Intermediate/Shaders/WorkingDirectory/27316/).
[2023.07.08-16.38.07:689][  0]LogShaderCompilers: Cleaned the shader compiler working directory 'C:/Users/thela/AppData/Local/Temp/UnrealShaderWorkingDir/3359A3DE43949FC85992309F3AE160B2/'.
[2023.07.08-16.38.07:691][  0]LogXGEController: Cannot use XGE Controller as Incredibuild is not installed on this machine.
[2023.07.08-16.38.07:691][  0]LogShaderCompilers: Cannot use XGE Shader Compiler as Incredibuild is not installed on this machine.
[2023.07.08-16.38.07:691][  0]LogShaderCompilers: Display: Using Local Shader Compiler.
[2023.07.08-16.38.10:566][  0]LogDerivedDataCache: Display: Max Cache Size: 512 MB
[2023.07.08-16.38.10:685][  0]LogDerivedDataCache: Loaded boot cache 0.12s 106MB C:/Users/thela/AppData/Local/UnrealEngine/4.27/DerivedDataCache/Boot.ddc.
[2023.07.08-16.38.10:685][  0]LogDerivedDataCache: Display: Loaded Boot cache: C:/Users/thela/AppData/Local/UnrealEngine/4.27/DerivedDataCache/Boot.ddc
[2023.07.08-16.38.10:685][  0]LogDerivedDataCache: FDerivedDataBackendGraph:  Pak pak cache file D:/Full Sail - Engine Development/EngineDevelopment/A06_END/DerivedDataCache/DDC.ddp not found, will not use a pak cache.
[2023.07.08-16.38.10:685][  0]LogDerivedDataCache: Unable to find inner node Pak for hierarchical cache Hierarchy.
[2023.07.08-16.38.10:685][  0]LogDerivedDataCache: FDerivedDataBackendGraph:  CompressedPak pak cache file D:/Full Sail - Engine Development/EngineDevelopment/A06_END/DerivedDataCache/Compressed.ddp not found, will not use a pak cache.
[2023.07.08-16.38.10:685][  0]LogDerivedDataCache: Unable to find inner node CompressedPak for hierarchical cache Hierarchy.
[2023.07.08-16.38.10:702][  0]LogDerivedDataCache: Display: Pak cache opened for reading ../../../Engine/DerivedDataCache/Compressed.ddp.
[2023.07.08-16.38.10:702][  0]LogDerivedDataCache: FDerivedDataBackendGraph:  EnterprisePak pak cache file ../../../Enterprise/DerivedDataCache/Compressed.ddp not found, will not use a pak cache.
[2023.07.08-16.38.10:702][  0]LogDerivedDataCache: Unable to find inner node EnterprisePak for hierarchical cache Hierarchy.
[2023.07.08-16.38.10:713][  0]LogDerivedDataCache: Speed tests for C:/Users/thela/AppData/Local/UnrealEngine/Common/DerivedDataCache took 0.01 seconds
[2023.07.08-16.38.10:713][  0]LogDerivedDataCache: Display: Performance to C:/Users/thela/AppData/Local/UnrealEngine/Common/DerivedDataCache: Latency=0.04ms. RandomReadSpeed=141.01MBs, RandomWriteSpeed=240.37MBs. Assigned SpeedClass 'Local'
[2023.07.08-16.38.10:713][  0]LogDerivedDataCache: Using Local data cache path C:/Users/thela/AppData/Local/UnrealEngine/Common/DerivedDataCache: Writable
[2023.07.08-16.38.10:714][  0]LogDerivedDataCache: Shared data cache path not found in *engine.ini, will not use an Shared cache.
[2023.07.08-16.38.10:714][  0]LogDerivedDataCache: Unable to find inner node Shared for hierarchical cache Hierarchy.
[2023.07.08-16.38.10:767][  0]LogSlate: Using FreeType 2.10.0
[2023.07.08-16.38.10:783][  0]LogSlate: SlateFontServices - WITH_FREETYPE: 1, WITH_HARFBUZZ: 1
[2023.07.08-16.38.10:913][  0]LogAssetRegistry: FAssetRegistry took 0.0070 seconds to start up
[2023.07.08-16.38.11:369][  0]LogInit: Selected Device Profile: [Windows]
[2023.07.08-16.38.11:369][  0]LogInit: Active device profile: [0000016F41A66F00][0000016F38A8D5C0 49] Windows
[2023.07.08-16.38.11:369][  0]LogInit: Profiles: [0000016F41A66F00][0000016F38A8D5C0 49] Windows, [0000016F41A1D300][0000016F38A95740 49] WindowsNoEditor, [0000016F41A65300][0000016F38A998C0 49] WindowsServer, [0000016F41A1CD00][0000016F38A9DA40 49] WindowsClient, [0000016F41A64D00][0000016F415EBBC0 49] IOS, [0000016F41A1FA00][0000016F415EE1C0 49] iPadAir, [0000016F41A67E00][0000016F415F2340 49] iPadAir2, [0000016F419DA900][0000016F415FA600 49] IPadPro, [0000016F419DAA00][0000016F415F6640 49] iPadAir3, [0000016F41A64200][0000016F38A90780 49] iPadAir4, [0000016F419DB600][0000016F415FE8C0 49] iPadMini2, [0000016F41A64100][0000016F41602A00 49] iPadMini3, [0000016F419D8B00][0000016F41606B40 49] iPadMini4, [0000016F41A64E00][0000016F4160ECC0 49] iPadMini5, [0000016F419F6200][0000016F41616F80 49] iPhone6, [0000016F419F6300][0000016F41612FC0 49] iPodTouch6, [0000016F419DA600][0000016F4161F280 49] iPhone7, [0000016F419D8D00][0000016F4161B2C0 49] iPodTouch7, [0000016F419F6E00][0000016F41623440 49] iPhone5S, [0000016F419D8800][0000016F416275C0 49] iPhone6Plus, [0000016F419F4B00][0000016F4162B740 49] iPhone6S, [0000016F419DB500][0000016F4162F8C0 49] iPhone6SPlus, [0000016F419F7300][0000016F41633A40 49] iPhone7Plus, [0000016F419DB800][0000016F41637BC0 49] iPhoneSE, [0000016F419F7800][0000016F4163A1C0 49] iPhone8, [0000016F419DA800][0000016F4163E340 49] iPhone8Plus, [0000016F419F4500][0000016F416424C0 49] iPhoneX, [0000016F419D9D00][0000016F41646640 49] iPhoneXS, [0000016F419F6F00][0000016F4164A7C0 49] iPhoneXSMax, [0000016F419D8C00][0000016F4164E940 49] iPhoneXR, [0000016F419F4600][0000016F4160AA80 49] iPhone11, [0000016F419DB300][0000016F41652BC0 49] iPhone11Pro, [0000016F419F6C00][0000016F41656D00 49] iPhone11ProMax, [0000016F419D9200][0000016F4165EE80 49] iPhoneSE2, [0000016F419F5B00][0000016F41663000 49] iPhone12Mini, [0000016F419DAF00][0000016F41667180 49] iPhone12, [0000016F419F4C00][0000016F4166B300 49] iPhone12Pro, [0000016F419DAD00][0000016F4166F480 49] iPhone12ProMax, [0000016F419F6700][0000016F41673600 49] iPadPro105, [0000016F419D9F00][0000016F41677780 49] iPadPro129, [0000016F419F5400][0000016F4167B900 49] iPadPro97, [0000016F419DA000][0000016F4167FA80 49] iPadPro2_129, [0000016F419F5D00][0000016F41683C00 49] iPad5, [0000016F419DAE00][0000016F41686200 49] iPad6, [0000016F419F5100][0000016F4168A380 49] iPad7, [0000016F419DB400][0000016F4168E500 49] iPad8, [0000016F419F6800][0000016F41692680 49] iPadPro11, [0000016F419DAB00][0000016F41696800 49] iPadPro2_11, [0000016F419F5700][0000016F4169A980 49] iPadPro3_129, [0000016F419D8700][0000016F4169EB00 49] iPadPro4_129, [0000016F41A1D400][0000016F4165AC40 49] AppleTV, [0000016F41AA4C00][0000016F416A2D80 49] AppleTV4K, [0000016F41A1EA00][0000016F416A6EC0 49] TVOS, [0000016F41AA5300][0000016F416AF040 49] Mac, [0000016F41A1C600][0000016F416B31C0 49] MacClient, [0000016F41AA4F00][0000016F416B7340 49] MacNoEditor, [0000016F41A1F700][0000016F416BB4C0 49] MacServer, [0000016F41AA5800][0000016F416BF640 49] Linux, [0000016F41A1DA00][0000016F416C77C0 49] LinuxAArch64, [0000016F41AA5D00][0000016F416E1940 49] LinuxNoEditor, [0000016F41A1F800][0000016F416E5AC0 49] LinuxAArch64NoEditor, [0000016F41AA5B00][0000016F416E80C0 49] LinuxClient, [0000016F41A1D100][0000016F416EC240 49] LinuxAArch64Client, [0000016F41AA5200][0000016F3E6683C0 49] LinuxServer, [0000016F41A1D900][0000016F3E66C540 49] LinuxAArch64Server, [0000016F41AA6200][0000016F3E6706C0 49] Android, [0000016F41A1C800][0000016F3E674840 49] Android_Low, [0000016F41AA5A00][0000016F3E6789C0 49] Android_Mid, [0000016F419D9000][0000016F3E67CB40 49] Android_High, [0000016F419F6A00][0000016F3E680CC0 49] Android_Default, [0000016F419D9500][0000016F416AAE00 49] Android_Adreno4xx, [0000016F419F4A00][0000016F3E684F40 49] Android_Adreno5xx_Low, [0000016F419D9B00][0000016F3E689080 49] Android_Adreno5xx, [0000016F419F4200][0000016F3E68D1C0 49] Android_Adreno6xx, [0000016F419DBD00][0000016F3E695340 49] Android_Adreno6xx_Vulkan, [0000016F419F6D00][0000016F3E6994C0 49] Android_Mali_T6xx, [0000016F419D8A00][0000016F3E69D640 49] Android_Mali_T7xx, [0000016F419F4700][0000016F3E6A17C0 49] Android_Mali_T8xx, [0000016F419DBE00][0000016F3E6A5940 49] Android_Mali_G71, [0000016F41AA6400][0000016F3E6A9AC0 49] Android_Mali_G72, [0000016F419DA100][0000016F3E6AC0C0 49] Android_Mali_G72_Vulkan, [0000016F41AA4600][0000016F3E6B0240 49] Android_Mali_G76, [0000016F419DB200][0000016F3E6B43C0 49] Android_Mali_G76_Vulkan, [0000016F41AA4200][0000016F3E6B8540 49] Android_Mali_G77, [0000016F419D9100][0000016F3E6BC6C0 49] Android_Mali_G77_Vulkan, [0000016F41AA5700][0000016F3E6C0840 49] Android_Mali_G78, [0000016F419D9300][0000016F3E6C49C0 49] Android_Mali_G78_Vulkan, [0000016F41AA4E00][0000016F3E6C8B40 49] Android_Mali_G710, [0000016F419D8200][0000016F3E6CCCC0 49] Android_Mali_G710_Vulkan, [0000016F41AA5C00][0000016F3E6D0E40 49] Android_Vulkan_SM5, [0000016F419DA400][0000016F3E690F80 49] Android_PowerVR_G6xxx, [0000016F41AA4400][0000016F3E6D50C0 49] Android_PowerVR_GT7xxx, [0000016F419D8600][0000016F3E6D9200 49] Android_PowerVR_GE8xxx, [0000016F419F7C00][0000016F3E499340 49] Android_PowerVR_GM9xxx, [0000016F419D9800][0000016F3E4A14C0 49] Android_PowerVR_GM9xxx_Vulkan, [0000016F419F7700][0000016F3E4A5640 49] Android_TegraK1, [0000016F419DB900][0000016F3E4A97C0 49] Android_Unknown_Vulkan, [0000016F419F7500][0000016F3E4AD940 49] Lumin, [0000016F419D8100][0000016F3E4B1AC0 49] Lumin_Desktop, [0000016F419F4D00][0000016F3E4B40C0 49] HoloLens, 
[2023.07.08-16.38.11:613][  0]LogMeshReduction: Using QuadricMeshReduction for automatic static mesh reduction
[2023.07.08-16.38.11:613][  0]LogMeshReduction: Using SimplygonMeshReduction for automatic skeletal mesh reduction
[2023.07.08-16.38.11:613][  0]LogMeshReduction: Using ProxyLODMeshReduction for automatic mesh merging
[2023.07.08-16.38.11:613][  0]LogMeshReduction: No distributed automatic mesh merging module available
[2023.07.08-16.38.11:614][  0]LogMeshMerging: No distributed automatic mesh merging module available
[2023.07.08-16.38.11:667][  0]LogNetVersion: A06_END 1.0.0, NetCL: 17155196, EngineNetVer: 17, GameNetVer: 0 (Checksum: 2906275137)
[2023.07.08-16.38.13:230][  0]LogTexture: Default maximum texture size for cubemaps generated from long-lat sources has been changed from 512 to unlimited. In order to preserve old behaiour for '/Engine/MapTemplates/Sky/DaylightAmbientCubemap.DaylightAmbientCubemap', its maximum texture size has been explicitly set to 512.
[2023.07.08-16.38.13:315][  0]LogHMD: PokeAHoleMaterial loaded successfully
[2023.07.08-16.38.13:323][  0]LogUObjectArray: 17178 objects as part of root set at end of initial load.
[2023.07.08-16.38.13:323][  0]LogUObjectAllocator: 4302048 out of 0 bytes used by permanent object pool.
[2023.07.08-16.38.13:323][  0]LogUObjectArray: CloseDisregardForGC: 0/0 objects in disregard for GC pool
[2023.07.08-16.38.14:096][  0]LogNiagaraDebuggerClient: Niagara Debugger Client Initialized | Session: 9C86BE1042EAEA198D8C498521B17FE4 | Instance: AF8CE48E4AC49C72628C90920BC45DEF (MATTHEWPC-27316).
[2023.07.08-16.38.14:255][  0]LogPython: Using Python 3.7.7
[2023.07.08-16.38.15:040][  0]LogTcpMessaging: Initializing TcpMessaging bridge
[2023.07.08-16.38.15:050][  0]LogUdpMessaging: Initializing bridge on interface 0.0.0.0:0 to multicast group 230.0.0.1:6666.
[2023.07.08-16.38.15:320][  0]Game: Error: No HealthBar Set | HUGBASE.cpp, Constructor
[2023.07.08-16.38.15:587][  0]SourceControl: Source control is disabled
[2023.07.08-16.38.15:587][  0]SourceControl: Source control is disabled
[2023.07.08-16.38.15:603][  0]SourceControl: Source control is disabled
[2023.07.08-16.38.15:609][  0]SourceControl: Source control is disabled
[2023.07.08-16.38.15:633][  0]SourceControl: Source control is disabled
[2023.07.08-16.38.15:641][  0]LogUProjectInfo: Found projects:
[2023.07.08-16.38.16:076][  0]LogOpenImageDenoise: OIDN starting up
[2023.07.08-16.38.16:147][  0]LogAndroidPermission: UAndroidPermissionCallbackProxy::GetInstance
[2023.07.08-16.38.16:187][  0]LogAudioCaptureCore: Display: No Audio Capture implementations found. Audio input will be silent.
[2023.07.08-16.38.16:187][  0]LogAudioCaptureCore: Display: No Audio Capture implementations found. Audio input will be silent.
[2023.07.08-16.38.16:377][  0]LogCollectionManager: Loaded 0 collections in 0.001332 seconds
[2023.07.08-16.38.16:419][  0]LogFileCache: Scanning file cache for directory 'D:/Full Sail - Engine Development/EngineDevelopment/A06_END/Saved/Collections/' took 0.00s
[2023.07.08-16.38.16:419][  0]LogFileCache: Scanning file cache for directory 'D:/Full Sail - Engine Development/EngineDevelopment/A06_END/Content/Developers/thela/Collections/' took 0.00s
[2023.07.08-16.38.16:419][  0]LogFileCache: Scanning file cache for directory 'D:/Full Sail - Engine Development/EngineDevelopment/A06_END/Content/Collections/' took 0.00s
[2023.07.08-16.38.16:419][  0]LogOcInput: OculusInput pre-init called
[2023.07.08-16.38.16:714][  0]LogEngine: Initializing Engine...
[2023.07.08-16.38.16:783][  0]LogHMD: Failed to initialize OpenVR with code 108
[2023.07.08-16.38.16:877][  0]LogHMD: Optional extension XR_VARJO_quad_views is not available
[2023.07.08-16.38.16:877][  0]LogHMD: Warning: Required extension XR_EXT_eye_gaze_interaction is not available
[2023.07.08-16.38.16:877][  0]LogHMD: Could not enable all required OpenXR extensions for OpenXREyeTracker on current system. This plugin will be loaded but ignored, but will be enabled on a target platform that supports the required extension.
[2023.07.08-16.38.16:881][  0]LogHMD: Failed to get an OpenXR system, result is XR_ERROR_FORM_FACTOR_UNAVAILABLE. Please check that your runtime supports VR headsets.
[2023.07.08-16.38.16:881][  0]LogMagicLeap: Warning: VR disabled because ZI is not enabled.  To enable, in the editor, Edit -> Project Settings -> Plugins -> Magic Leap Plugin -> Enable Zero Iteration
[2023.07.08-16.38.16:885][  0]LogStats: UGameplayTagsManager::InitializeManager -  0.002 s
[2023.07.08-16.38.17:018][  0]LogInit: Initializing FReadOnlyCVARCache
[2023.07.08-16.38.17:068][  0]LogAIModule: Creating AISystem for world Untitled
[2023.07.08-16.38.17:075][  0]LogAudio: Display: Initializing Audio Device Manager...
[2023.07.08-16.38.17:081][  0]LogAudio: Display: Loading Default Audio Settings Objects...
[2023.07.08-16.38.17:082][  0]LogAudio: Display: No default SoundConcurrencyObject specified (or failed to load).
[2023.07.08-16.38.17:083][  0]LogAudio: Display: Audio Device Manager Initialized
[2023.07.08-16.38.17:083][  0]LogAudio: Display: Creating Audio Device:                 Id: 1, Scope: Shared, Realtime: True
[2023.07.08-16.38.17:085][  0]LogAudioMixer: Display: Audio Mixer Platform Settings:
[2023.07.08-16.38.17:085][  0]LogAudioMixer: Display: 	Sample Rate:						  48000
[2023.07.08-16.38.17:085][  0]LogAudioMixer: Display: 	Callback Buffer Frame Size Requested: 1024
[2023.07.08-16.38.17:085][  0]LogAudioMixer: Display: 	Callback Buffer Frame Size To Use:	  1024
[2023.07.08-16.38.17:085][  0]LogAudioMixer: Display: 	Number of buffers to queue:			  2
[2023.07.08-16.38.17:085][  0]LogAudioMixer: Display: 	Max Channels (voices):				  32
[2023.07.08-16.38.17:085][  0]LogAudioMixer: Display: 	Number of Async Source Workers:		  0
[2023.07.08-16.38.17:085][  0]LogAudio: Display: AudioDevice MaxSources: 32
[2023.07.08-16.38.17:086][  0]LogAudio: Display: Audio Spatialization Plugin: None (built-in).
[2023.07.08-16.38.17:086][  0]LogAudio: Display: Audio Reverb Plugin: None (built-in).
[2023.07.08-16.38.17:086][  0]LogAudio: Display: Audio Occlusion Plugin: None (built-in).
[2023.07.08-16.38.17:086][  0]LogAudioMixer: Display: Initializing audio mixer.
[2023.07.08-16.38.17:129][  0]LogAudioMixer: Display: 0: FrontLeft
[2023.07.08-16.38.17:129][  0]LogAudioMixer: Display: 1: FrontRight
[2023.07.08-16.38.17:174][  0]LogAudioMixer: Display: Using Audio Device Speakers (HyperX Cloud Flight S Game)
[2023.07.08-16.38.17:178][  0]LogAudioMixer: Display: Initializing Sound Submixes...
[2023.07.08-16.38.17:181][  0]LogAudioMixer: Display: Creating Master Submix 'MasterSubmixDefault'
[2023.07.08-16.38.17:182][  0]LogAudioMixer: Display: Creating Master Submix 'MasterReverbSubmixDefault'
[2023.07.08-16.38.17:184][  0]LogAudioMixer: Display: Creating Master Submix 'MasterEQSubmixDefault'
[2023.07.08-16.38.17:184][  0]LogAudioMixer: FMixerPlatformXAudio2::StartAudioStream() called
[2023.07.08-16.38.17:184][  0]LogAudioMixer: Display: Output buffers initialized: Frames=1024, Channels=2, Samples=2048
[2023.07.08-16.38.17:184][  0]LogAudioMixer: Display: Starting AudioMixerPlatformInterface::RunInternal()
[2023.07.08-16.38.17:184][  0]LogAudioMixer: Display: FMixerPlatformXAudio2::SubmitBuffer() called for the first time
[2023.07.08-16.38.17:184][  0]LogInit: FAudioDevice initialized.
[2023.07.08-16.38.17:185][  0]LogAudio: Display: Audio Device (ID: 1) registered with world 'Untitled'.
[2023.07.08-16.38.17:185][  0]LogNetVersion: Set ProjectVersion to 1.0.0.0. Version Checksum will be recalculated on next use.
[2023.07.08-16.38.17:232][  0]LogDerivedDataCache: Saved boot cache 0.05s 107MB C:/Users/thela/AppData/Local/UnrealEngine/4.27/DerivedDataCache/Boot.ddc.
[2023.07.08-16.38.17:232][  0]LogInit: Texture streaming: Enabled
[2023.07.08-16.38.17:253][  0]LogAnalytics: Display: [UEEditor.Rocket.Release] APIServer = https://datarouter.ol.epicgames.com/. AppVersion = 4.27.2-18319896+++UE4+Release-4.27
[2023.07.08-16.38.17:257][  0]LogEngineSessionManager: EngineSessionManager initialized
[2023.07.08-16.38.17:259][  0]LogEditorSessionSummary: Verbose: Initializing EditorSessionSummaryWriter for editor session tracking
[2023.07.08-16.38.17:262][  0]LogEditorSessionSummary: EditorSessionSummaryWriter initialized
[2023.07.08-16.38.17:304][  0]LogInit: Transaction tracking system initialized
[2023.07.08-16.38.17:357][  0]BlueprintLog: New page: Editor Load
[2023.07.08-16.38.17:533][  0]LocalizationService: Localization service is disabled
[2023.07.08-16.38.17:626][  0]TimingProfiler: Initialize
[2023.07.08-16.38.17:632][  0]TimingProfiler: OnSessionChanged
[2023.07.08-16.38.17:633][  0]LoadingProfiler: Initialize
[2023.07.08-16.38.17:634][  0]LoadingProfiler: OnSessionChanged
[2023.07.08-16.38.17:635][  0]NetworkingProfiler: Initialize
[2023.07.08-16.38.17:638][  0]NetworkingProfiler: OnSessionChanged
[2023.07.08-16.38.17:638][  0]MemoryProfiler: Initialize
[2023.07.08-16.38.17:638][  0]MemoryProfiler: OnSessionChanged
[2023.07.08-16.38.17:877][  0]LogFileCache: Scanning file cache for directory 'D:/Full Sail - Engine Development/EngineDevelopment/A06_END/Content/' took 0.01s
[2023.07.08-16.38.17:877][  0]LogCook: Display: CookSettings for Memory: MemoryMaxUsedVirtual 0MiB, MemoryMaxUsedPhysical 16384MiB, MemoryMinFreeVirtual 0MiB, MemoryMinFreePhysical 1024MiB
[2023.07.08-16.38.17:877][  0]LogCook: Display: Mobile HDR setting 1
[2023.07.08-16.38.18:446][  0]LogInit: Display: Engine is initialized. Leaving FEngineLoop::Init()
[2023.07.08-16.38.18:455][  0]SourceControl: Source control is disabled
[2023.07.08-16.38.18:456][  0]LogUnrealEdMisc: Loading editor; pre map load, took 22.803
[2023.07.08-16.38.18:457][  0]Cmd: MAP LOAD FILE="../../../Engine/Content/Maps/Templates/Template_Default.umap" TEMPLATE=1 SHOWPROGRESS=1 FEATURELEVEL=3
[2023.07.08-16.38.18:463][  0]LightingResults: New page: Lighting Build
[2023.07.08-16.38.18:472][  0]LogWorld: UWorld::CleanupWorld for Untitled, bSessionEnded=true, bCleanupResources=true
[2023.07.08-16.38.18:473][  0]LogSlate: InvalidateAllWidgets triggered.  All widgets were invalidated
[2023.07.08-16.38.18:475][  0]MapCheck: New page: Map Check
[2023.07.08-16.38.18:475][  0]LightingResults: New page: Lighting Build
[2023.07.08-16.38.18:485][  0]LogAudio: Display: Audio Device unregistered from world 'None'.
[2023.07.08-16.38.18:493][  0]LogUObjectHash: Compacting FUObjectHashTables data took   0.66ms
[2023.07.08-16.38.18:565][  0]LogTexture: Display: Building textures: DeprecatedTextureEB9CBE3C423008B5E8E130901E171C89 (BGRA8, 128X128)
[2023.07.08-16.38.18:577][  0]LogAudio: Display: Audio Device (ID: 1) registered with world 'Untitled_1'.
[2023.07.08-16.38.18:577][  0]LogAIModule: Creating AISystem for world Untitled_1
[2023.07.08-16.38.18:595][  0]LogEditorServer: Finished looking for orphan Actors (0.000 secs)
[2023.07.08-16.38.18:605][  0]LogUObjectHash: Compacting FUObjectHashTables data took   0.69ms
[2023.07.08-16.38.18:606][  0]Cmd: MAP CHECKDEP NOCLEARLOG
[2023.07.08-16.38.18:607][  0]MapCheck: Map check complete: 0 Error(s), 0 Warning(s), took 0.461ms to complete.
[2023.07.08-16.38.18:607][  0]LogFileHelpers: Loading map 'Template_Default' took 0.150
[2023.07.08-16.38.18:643][  0]LogUnrealEdMisc: Total Editor Startup Time, took 22.990
[2023.07.08-16.38.18:794][  0]LogSlate: Updating window title bar state: overlay mode, drag disabled, window buttons hidden, title bar hidden
[2023.07.08-16.38.18:800][  0]LogSlate: Updating window title bar state: overlay mode, drag disabled, window buttons hidden, title bar hidden
[2023.07.08-16.38.18:805][  0]LogSlate: Updating window title bar state: overlay mode, drag disabled, window buttons hidden, title bar hidden
[2023.07.08-16.38.18:809][  0]LogSlate: Updating window title bar state: overlay mode, drag disabled, window buttons hidden, title bar hidden
[2023.07.08-16.38.18:847][  0]LogNativeClassHierarchy: Verbose: Native class hierarchy populated in 0.0072 seconds. Added 3839 classes and 935 folders.
[2023.07.08-16.38.18:858][  0]LogNativeClassHierarchy: Verbose: Native class hierarchy updated for 'WidgetCarousel' in 0.0002 seconds. Added 0 classes and 0 folders.
[2023.07.08-16.38.18:879][  0]LogPakFile: PakFile PrimaryIndexSize=187
[2023.07.08-16.38.18:879][  0]LogPakFile: PakFile PathHashIndexSize=101
[2023.07.08-16.38.18:879][  0]LogPakFile: PakFile FullDirectoryIndexSize=148
[2023.07.08-16.38.18:879][  0]LogShaderLibrary: Display: ShaderCodeLibraryPakFileMountedCallback: PakFile 'E:/Epic Games/UE_4.27/FeaturePacks/FP_FirstPerson.upack' (chunk index -1, root 'root:/') mounted
[2023.07.08-16.38.18:879][  0]LogShaderLibrary: Display: ShaderCodeLibraryPakFileMountedCallback: pending pak file info (ChunkID:-1 Root:root:/ File:E:/Epic Games/UE_4.27/FeaturePacks/FP_FirstPerson.upack)
[2023.07.08-16.38.18:879][  0]LogPakFile: OnPakFileMounted2Time == 0.000447
[2023.07.08-16.38.18:891][  0]LogPakFile: PakFile PrimaryIndexSize=189
[2023.07.08-16.38.18:891][  0]LogPakFile: PakFile PathHashIndexSize=101
[2023.07.08-16.38.18:891][  0]LogPakFile: PakFile FullDirectoryIndexSize=152
[2023.07.08-16.38.18:891][  0]LogShaderLibrary: Display: ShaderCodeLibraryPakFileMountedCallback: PakFile 'E:/Epic Games/UE_4.27/FeaturePacks/FP_FirstPersonBP.upack' (chunk index -1, root 'root:/') mounted
[2023.07.08-16.38.18:891][  0]LogShaderLibrary: Display: ShaderCodeLibraryPakFileMountedCallback: pending pak file info (ChunkID:-1 Root:root:/ File:E:/Epic Games/UE_4.27/FeaturePacks/FP_FirstPersonBP.upack)
[2023.07.08-16.38.18:891][  0]LogPakFile: OnPakFileMounted2Time == 0.000037
[2023.07.08-16.38.18:897][  0]LogPakFile: PakFile PrimaryIndexSize=191
[2023.07.08-16.38.18:897][  0]LogPakFile: PakFile PathHashIndexSize=101
[2023.07.08-16.38.18:897][  0]LogPakFile: PakFile FullDirectoryIndexSize=160
[2023.07.08-16.38.18:897][  0]LogShaderLibrary: Display: ShaderCodeLibraryPakFileMountedCallback: PakFile 'E:/Epic Games/UE_4.27/FeaturePacks/MobileStarterContent.upack' (chunk index -1, root 'root:/') mounted
[2023.07.08-16.38.18:897][  0]LogShaderLibrary: Display: ShaderCodeLibraryPakFileMountedCallback: pending pak file info (ChunkID:-1 Root:root:/ File:E:/Epic Games/UE_4.27/FeaturePacks/MobileStarterContent.upack)
[2023.07.08-16.38.18:897][  0]LogPakFile: OnPakFileMounted2Time == 0.000029
[2023.07.08-16.38.18:902][  0]LogPakFile: PakFile PrimaryIndexSize=185
[2023.07.08-16.38.18:902][  0]LogPakFile: PakFile PathHashIndexSize=101
[2023.07.08-16.38.18:902][  0]LogPakFile: PakFile FullDirectoryIndexSize=148
[2023.07.08-16.38.18:902][  0]LogShaderLibrary: Display: ShaderCodeLibraryPakFileMountedCallback: PakFile 'E:/Epic Games/UE_4.27/FeaturePacks/StarterContent.upack' (chunk index -1, root 'root:/') mounted
[2023.07.08-16.38.18:902][  0]LogShaderLibrary: Display: ShaderCodeLibraryPakFileMountedCallback: pending pak file info (ChunkID:-1 Root:root:/ File:E:/Epic Games/UE_4.27/FeaturePacks/StarterContent.upack)
[2023.07.08-16.38.18:902][  0]LogPakFile: OnPakFileMounted2Time == 0.000030
[2023.07.08-16.38.18:908][  0]LogPakFile: PakFile PrimaryIndexSize=190
[2023.07.08-16.38.18:908][  0]LogPakFile: PakFile PathHashIndexSize=101
[2023.07.08-16.38.18:908][  0]LogPakFile: PakFile FullDirectoryIndexSize=154
[2023.07.08-16.38.18:908][  0]LogShaderLibrary: Display: ShaderCodeLibraryPakFileMountedCallback: PakFile 'E:/Epic Games/UE_4.27/FeaturePacks/TP_2DSideScroller.upack' (chunk index -1, root 'root:/') mounted
[2023.07.08-16.38.18:908][  0]LogShaderLibrary: Display: ShaderCodeLibraryPakFileMountedCallback: pending pak file info (ChunkID:-1 Root:root:/ File:E:/Epic Games/UE_4.27/FeaturePacks/TP_2DSideScroller.upack)
[2023.07.08-16.38.18:909][  0]LogPakFile: OnPakFileMounted2Time == 0.000038
[2023.07.08-16.38.18:914][  0]LogPakFile: PakFile PrimaryIndexSize=192
[2023.07.08-16.38.18:914][  0]LogPakFile: PakFile PathHashIndexSize=101
[2023.07.08-16.38.18:914][  0]LogPakFile: PakFile FullDirectoryIndexSize=158
[2023.07.08-16.38.18:914][  0]LogShaderLibrary: Display: ShaderCodeLibraryPakFileMountedCallback: PakFile 'E:/Epic Games/UE_4.27/FeaturePacks/TP_2DSideScrollerBP.upack' (chunk index -1, root 'root:/') mounted
[2023.07.08-16.38.18:914][  0]LogShaderLibrary: Display: ShaderCodeLibraryPakFileMountedCallback: pending pak file info (ChunkID:-1 Root:root:/ File:E:/Epic Games/UE_4.27/FeaturePacks/TP_2DSideScrollerBP.upack)
[2023.07.08-16.38.18:914][  0]LogPakFile: OnPakFileMounted2Time == 0.000026
[2023.07.08-16.38.18:919][  0]LogPakFile: PakFile PrimaryIndexSize=182
[2023.07.08-16.38.18:919][  0]LogPakFile: PakFile PathHashIndexSize=101
[2023.07.08-16.38.18:919][  0]LogPakFile: PakFile FullDirectoryIndexSize=138
[2023.07.08-16.38.18:919][  0]LogShaderLibrary: Display: ShaderCodeLibraryPakFileMountedCallback: PakFile 'E:/Epic Games/UE_4.27/FeaturePacks/TP_Flying.upack' (chunk index -1, root 'root:/') mounted
[2023.07.08-16.38.18:919][  0]LogShaderLibrary: Display: ShaderCodeLibraryPakFileMountedCallback: pending pak file info (ChunkID:-1 Root:root:/ File:E:/Epic Games/UE_4.27/FeaturePacks/TP_Flying.upack)
[2023.07.08-16.38.18:919][  0]LogPakFile: OnPakFileMounted2Time == 0.000033
[2023.07.08-16.38.18:926][  0]LogPakFile: PakFile PrimaryIndexSize=184
[2023.07.08-16.38.18:926][  0]LogPakFile: PakFile PathHashIndexSize=101
[2023.07.08-16.38.18:926][  0]LogPakFile: PakFile FullDirectoryIndexSize=142
[2023.07.08-16.38.18:926][  0]LogShaderLibrary: Display: ShaderCodeLibraryPakFileMountedCallback: PakFile 'E:/Epic Games/UE_4.27/FeaturePacks/TP_FlyingBP.upack' (chunk index -1, root 'root:/') mounted
[2023.07.08-16.38.18:926][  0]LogShaderLibrary: Display: ShaderCodeLibraryPakFileMountedCallback: pending pak file info (ChunkID:-1 Root:root:/ File:E:/Epic Games/UE_4.27/FeaturePacks/TP_FlyingBP.upack)
[2023.07.08-16.38.18:926][  0]LogPakFile: OnPakFileMounted2Time == 0.000029
[2023.07.08-16.38.18:932][  0]LogPakFile: PakFile PrimaryIndexSize=188
[2023.07.08-16.38.18:932][  0]LogPakFile: PakFile PathHashIndexSize=101
[2023.07.08-16.38.18:932][  0]LogPakFile: PakFile FullDirectoryIndexSize=150
[2023.07.08-16.38.18:932][  0]LogShaderLibrary: Display: ShaderCodeLibraryPakFileMountedCallback: PakFile 'E:/Epic Games/UE_4.27/FeaturePacks/TP_HandheldARBP.upack' (chunk index -1, root 'root:/') mounted
[2023.07.08-16.38.18:932][  0]LogShaderLibrary: Display: ShaderCodeLibraryPakFileMountedCallback: pending pak file info (ChunkID:-1 Root:root:/ File:E:/Epic Games/UE_4.27/FeaturePacks/TP_HandheldARBP.upack)
[2023.07.08-16.38.18:932][  0]LogPakFile: OnPakFileMounted2Time == 0.000027
[2023.07.08-16.38.18:942][  0]LogPakFile: PakFile PrimaryIndexSize=182
[2023.07.08-16.38.18:942][  0]LogPakFile: PakFile PathHashIndexSize=101
[2023.07.08-16.38.18:942][  0]LogPakFile: PakFile FullDirectoryIndexSize=138
[2023.07.08-16.38.18:942][  0]LogShaderLibrary: Display: ShaderCodeLibraryPakFileMountedCallback: PakFile 'E:/Epic Games/UE_4.27/FeaturePacks/TP_Puzzle.upack' (chunk index -1, root 'root:/') mounted
[2023.07.08-16.38.18:942][  0]LogShaderLibrary: Display: ShaderCodeLibraryPakFileMountedCallback: pending pak file info (ChunkID:-1 Root:root:/ File:E:/Epic Games/UE_4.27/FeaturePacks/TP_Puzzle.upack)
[2023.07.08-16.38.18:942][  0]LogPakFile: OnPakFileMounted2Time == 0.000033
[2023.07.08-16.38.18:948][  0]LogPakFile: PakFile PrimaryIndexSize=184
[2023.07.08-16.38.18:948][  0]LogPakFile: PakFile PathHashIndexSize=101
[2023.07.08-16.38.18:948][  0]LogPakFile: PakFile FullDirectoryIndexSize=142
[2023.07.08-16.38.18:948][  0]LogShaderLibrary: Display: ShaderCodeLibraryPakFileMountedCallback: PakFile 'E:/Epic Games/UE_4.27/FeaturePacks/TP_PuzzleBP.upack' (chunk index -1, root 'root:/') mounted
[2023.07.08-16.38.18:948][  0]LogShaderLibrary: Display: ShaderCodeLibraryPakFileMountedCallback: pending pak file info (ChunkID:-1 Root:root:/ File:E:/Epic Games/UE_4.27/FeaturePacks/TP_PuzzleBP.upack)
[2023.07.08-16.38.18:948][  0]LogPakFile: OnPakFileMounted2Time == 0.000034
[2023.07.08-16.38.18:954][  0]LogPakFile: PakFile PrimaryIndexSize=183
[2023.07.08-16.38.18:954][  0]LogPakFile: PakFile PathHashIndexSize=101
[2023.07.08-16.38.18:954][  0]LogPakFile: PakFile FullDirectoryIndexSize=140
[2023.07.08-16.38.18:954][  0]LogShaderLibrary: Display: ShaderCodeLibraryPakFileMountedCallback: PakFile 'E:/Epic Games/UE_4.27/FeaturePacks/TP_Rolling.upack' (chunk index -1, root 'root:/') mounted
[2023.07.08-16.38.18:954][  0]LogShaderLibrary: Display: ShaderCodeLibraryPakFileMountedCallback: pending pak file info (ChunkID:-1 Root:root:/ File:E:/Epic Games/UE_4.27/FeaturePacks/TP_Rolling.upack)
[2023.07.08-16.38.18:954][  0]LogPakFile: OnPakFileMounted2Time == 0.000028
[2023.07.08-16.38.18:960][  0]LogPakFile: PakFile PrimaryIndexSize=185
[2023.07.08-16.38.18:960][  0]LogPakFile: PakFile PathHashIndexSize=101
[2023.07.08-16.38.18:960][  0]LogPakFile: PakFile FullDirectoryIndexSize=144
[2023.07.08-16.38.18:960][  0]LogShaderLibrary: Display: ShaderCodeLibraryPakFileMountedCallback: PakFile 'E:/Epic Games/UE_4.27/FeaturePacks/TP_RollingBP.upack' (chunk index -1, root 'root:/') mounted
[2023.07.08-16.38.18:960][  0]LogShaderLibrary: Display: ShaderCodeLibraryPakFileMountedCallback: pending pak file info (ChunkID:-1 Root:root:/ File:E:/Epic Games/UE_4.27/FeaturePacks/TP_RollingBP.upack)
[2023.07.08-16.38.18:960][  0]LogPakFile: OnPakFileMounted2Time == 0.000029
[2023.07.08-16.38.18:966][  0]LogPakFile: PakFile PrimaryIndexSize=188
[2023.07.08-16.38.18:966][  0]LogPakFile: PakFile PathHashIndexSize=101
[2023.07.08-16.38.18:966][  0]LogPakFile: PakFile FullDirectoryIndexSize=150
[2023.07.08-16.38.18:966][  0]LogShaderLibrary: Display: ShaderCodeLibraryPakFileMountedCallback: PakFile 'E:/Epic Games/UE_4.27/FeaturePacks/TP_SideScroller.upack' (chunk index -1, root 'root:/') mounted
[2023.07.08-16.38.18:966][  0]LogShaderLibrary: Display: ShaderCodeLibraryPakFileMountedCallback: pending pak file info (ChunkID:-1 Root:root:/ File:E:/Epic Games/UE_4.27/FeaturePacks/TP_SideScroller.upack)
[2023.07.08-16.38.18:966][  0]LogPakFile: OnPakFileMounted2Time == 0.000030
[2023.07.08-16.38.18:971][  0]LogPakFile: PakFile PrimaryIndexSize=190
[2023.07.08-16.38.18:971][  0]LogPakFile: PakFile PathHashIndexSize=101
[2023.07.08-16.38.18:971][  0]LogPakFile: PakFile FullDirectoryIndexSize=154
[2023.07.08-16.38.18:971][  0]LogShaderLibrary: Display: ShaderCodeLibraryPakFileMountedCallback: PakFile 'E:/Epic Games/UE_4.27/FeaturePacks/TP_SideScrollerBP.upack' (chunk index -1, root 'root:/') mounted
[2023.07.08-16.38.18:971][  0]LogShaderLibrary: Display: ShaderCodeLibraryPakFileMountedCallback: pending pak file info (ChunkID:-1 Root:root:/ File:E:/Epic Games/UE_4.27/FeaturePacks/TP_SideScrollerBP.upack)
[2023.07.08-16.38.18:971][  0]LogPakFile: OnPakFileMounted2Time == 0.000036
[2023.07.08-16.38.18:976][  0]LogPakFile: PakFile PrimaryIndexSize=187
[2023.07.08-16.38.18:976][  0]LogPakFile: PakFile PathHashIndexSize=101
[2023.07.08-16.38.18:976][  0]LogPakFile: PakFile FullDirectoryIndexSize=148
[2023.07.08-16.38.18:976][  0]LogShaderLibrary: Display: ShaderCodeLibraryPakFileMountedCallback: PakFile 'E:/Epic Games/UE_4.27/FeaturePacks/TP_ThirdPerson.upack' (chunk index -1, root 'root:/') mounted
[2023.07.08-16.38.18:976][  0]LogShaderLibrary: Display: ShaderCodeLibraryPakFileMountedCallback: pending pak file info (ChunkID:-1 Root:root:/ File:E:/Epic Games/UE_4.27/FeaturePacks/TP_ThirdPerson.upack)
[2023.07.08-16.38.18:976][  0]LogPakFile: OnPakFileMounted2Time == 0.000035
[2023.07.08-16.38.18:982][  0]LogPakFile: PakFile PrimaryIndexSize=189
[2023.07.08-16.38.18:982][  0]LogPakFile: PakFile PathHashIndexSize=101
[2023.07.08-16.38.18:982][  0]LogPakFile: PakFile FullDirectoryIndexSize=152
[2023.07.08-16.38.18:982][  0]LogShaderLibrary: Display: ShaderCodeLibraryPakFileMountedCallback: PakFile 'E:/Epic Games/UE_4.27/FeaturePacks/TP_ThirdPersonBP.upack' (chunk index -1, root 'root:/') mounted
[2023.07.08-16.38.18:982][  0]LogShaderLibrary: Display: ShaderCodeLibraryPakFileMountedCallback: pending pak file info (ChunkID:-1 Root:root:/ File:E:/Epic Games/UE_4.27/FeaturePacks/TP_ThirdPersonBP.upack)
[2023.07.08-16.38.18:982][  0]LogPakFile: OnPakFileMounted2Time == 0.000032
[2023.07.08-16.38.18:989][  0]LogPakFile: PakFile PrimaryIndexSize=183
[2023.07.08-16.38.18:989][  0]LogPakFile: PakFile PathHashIndexSize=101
[2023.07.08-16.38.18:989][  0]LogPakFile: PakFile FullDirectoryIndexSize=140
[2023.07.08-16.38.18:989][  0]LogShaderLibrary: Display: ShaderCodeLibraryPakFileMountedCallback: PakFile 'E:/Epic Games/UE_4.27/FeaturePacks/TP_TopDown.upack' (chunk index -1, root 'root:/') mounted
[2023.07.08-16.38.18:989][  0]LogShaderLibrary: Display: ShaderCodeLibraryPakFileMountedCallback: pending pak file info (ChunkID:-1 Root:root:/ File:E:/Epic Games/UE_4.27/FeaturePacks/TP_TopDown.upack)
[2023.07.08-16.38.18:989][  0]LogPakFile: OnPakFileMounted2Time == 0.000038
[2023.07.08-16.38.18:995][  0]LogPakFile: PakFile PrimaryIndexSize=185
[2023.07.08-16.38.18:995][  0]LogPakFile: PakFile PathHashIndexSize=101
[2023.07.08-16.38.18:995][  0]LogPakFile: PakFile FullDirectoryIndexSize=144
[2023.07.08-16.38.18:995][  0]LogShaderLibrary: Display: ShaderCodeLibraryPakFileMountedCallback: PakFile 'E:/Epic Games/UE_4.27/FeaturePacks/TP_TopDownBP.upack' (chunk index -1, root 'root:/') mounted
[2023.07.08-16.38.18:995][  0]LogShaderLibrary: Display: ShaderCodeLibraryPakFileMountedCallback: pending pak file info (ChunkID:-1 Root:root:/ File:E:/Epic Games/UE_4.27/FeaturePacks/TP_TopDownBP.upack)
[2023.07.08-16.38.18:995][  0]LogPakFile: OnPakFileMounted2Time == 0.000030
[2023.07.08-16.38.19:003][  0]LogPakFile: PakFile PrimaryIndexSize=185
[2023.07.08-16.38.19:003][  0]LogPakFile: PakFile PathHashIndexSize=101
[2023.07.08-16.38.19:003][  0]LogPakFile: PakFile FullDirectoryIndexSize=144
[2023.07.08-16.38.19:003][  0]LogShaderLibrary: Display: ShaderCodeLibraryPakFileMountedCallback: PakFile 'E:/Epic Games/UE_4.27/FeaturePacks/TP_TwinStick.upack' (chunk index -1, root 'root:/') mounted
[2023.07.08-16.38.19:003][  0]LogShaderLibrary: Display: ShaderCodeLibraryPakFileMountedCallback: pending pak file info (ChunkID:-1 Root:root:/ File:E:/Epic Games/UE_4.27/FeaturePacks/TP_TwinStick.upack)
[2023.07.08-16.38.19:003][  0]LogPakFile: OnPakFileMounted2Time == 0.000030
[2023.07.08-16.38.19:009][  0]LogPakFile: PakFile PrimaryIndexSize=187
[2023.07.08-16.38.19:009][  0]LogPakFile: PakFile PathHashIndexSize=101
[2023.07.08-16.38.19:009][  0]LogPakFile: PakFile FullDirectoryIndexSize=148
[2023.07.08-16.38.19:009][  0]LogShaderLibrary: Display: ShaderCodeLibraryPakFileMountedCallback: PakFile 'E:/Epic Games/UE_4.27/FeaturePacks/TP_TwinStickBP.upack' (chunk index -1, root 'root:/') mounted
[2023.07.08-16.38.19:009][  0]LogShaderLibrary: Display: ShaderCodeLibraryPakFileMountedCallback: pending pak file info (ChunkID:-1 Root:root:/ File:E:/Epic Games/UE_4.27/FeaturePacks/TP_TwinStickBP.upack)
[2023.07.08-16.38.19:009][  0]LogPakFile: OnPakFileMounted2Time == 0.000028
[2023.07.08-16.38.19:015][  0]LogPakFile: PakFile PrimaryIndexSize=183
[2023.07.08-16.38.19:015][  0]LogPakFile: PakFile PathHashIndexSize=101
[2023.07.08-16.38.19:015][  0]LogPakFile: PakFile FullDirectoryIndexSize=140
[2023.07.08-16.38.19:015][  0]LogShaderLibrary: Display: ShaderCodeLibraryPakFileMountedCallback: PakFile 'E:/Epic Games/UE_4.27/FeaturePacks/TP_Vehicle.upack' (chunk index -1, root 'root:/') mounted
[2023.07.08-16.38.19:015][  0]LogShaderLibrary: Display: ShaderCodeLibraryPakFileMountedCallback: pending pak file info (ChunkID:-1 Root:root:/ File:E:/Epic Games/UE_4.27/FeaturePacks/TP_Vehicle.upack)
[2023.07.08-16.38.19:015][  0]LogPakFile: OnPakFileMounted2Time == 0.000030
[2023.07.08-16.38.19:021][  0]LogPakFile: PakFile PrimaryIndexSize=186
[2023.07.08-16.38.19:021][  0]LogPakFile: PakFile PathHashIndexSize=101
[2023.07.08-16.38.19:021][  0]LogPakFile: PakFile FullDirectoryIndexSize=146
[2023.07.08-16.38.19:021][  0]LogShaderLibrary: Display: ShaderCodeLibraryPakFileMountedCallback: PakFile 'E:/Epic Games/UE_4.27/FeaturePacks/TP_VehicleAdv.upack' (chunk index -1, root 'root:/') mounted
[2023.07.08-16.38.19:021][  0]LogShaderLibrary: Display: ShaderCodeLibraryPakFileMountedCallback: pending pak file info (ChunkID:-1 Root:root:/ File:E:/Epic Games/UE_4.27/FeaturePacks/TP_VehicleAdv.upack)
[2023.07.08-16.38.19:021][  0]LogPakFile: OnPakFileMounted2Time == 0.000027
[2023.07.08-16.38.19:027][  0]LogPakFile: PakFile PrimaryIndexSize=188
[2023.07.08-16.38.19:027][  0]LogPakFile: PakFile PathHashIndexSize=101
[2023.07.08-16.38.19:027][  0]LogPakFile: PakFile FullDirectoryIndexSize=150
[2023.07.08-16.38.19:027][  0]LogShaderLibrary: Display: ShaderCodeLibraryPakFileMountedCallback: PakFile 'E:/Epic Games/UE_4.27/FeaturePacks/TP_VehicleAdvBP.upack' (chunk index -1, root 'root:/') mounted
[2023.07.08-16.38.19:027][  0]LogShaderLibrary: Display: ShaderCodeLibraryPakFileMountedCallback: pending pak file info (ChunkID:-1 Root:root:/ File:E:/Epic Games/UE_4.27/FeaturePacks/TP_VehicleAdvBP.upack)
[2023.07.08-16.38.19:027][  0]LogPakFile: OnPakFileMounted2Time == 0.000031
[2023.07.08-16.38.19:033][  0]LogPakFile: PakFile PrimaryIndexSize=185
[2023.07.08-16.38.19:033][  0]LogPakFile: PakFile PathHashIndexSize=101
[2023.07.08-16.38.19:033][  0]LogPakFile: PakFile FullDirectoryIndexSize=144
[2023.07.08-16.38.19:033][  0]LogShaderLibrary: Display: ShaderCodeLibraryPakFileMountedCallback: PakFile 'E:/Epic Games/UE_4.27/FeaturePacks/TP_VehicleBP.upack' (chunk index -1, root 'root:/') mounted
[2023.07.08-16.38.19:033][  0]LogShaderLibrary: Display: ShaderCodeLibraryPakFileMountedCallback: pending pak file info (ChunkID:-1 Root:root:/ File:E:/Epic Games/UE_4.27/FeaturePacks/TP_VehicleBP.upack)
[2023.07.08-16.38.19:033][  0]LogPakFile: OnPakFileMounted2Time == 0.000034
[2023.07.08-16.38.19:039][  0]LogPakFile: PakFile PrimaryIndexSize=192
[2023.07.08-16.38.19:039][  0]LogPakFile: PakFile PathHashIndexSize=101
[2023.07.08-16.38.19:039][  0]LogPakFile: PakFile FullDirectoryIndexSize=158
[2023.07.08-16.38.19:039][  0]LogShaderLibrary: Display: ShaderCodeLibraryPakFileMountedCallback: PakFile 'E:/Epic Games/UE_4.27/FeaturePacks/TP_VirtualRealityBP.upack' (chunk index -1, root 'root:/') mounted
[2023.07.08-16.38.19:039][  0]LogShaderLibrary: Display: ShaderCodeLibraryPakFileMountedCallback: pending pak file info (ChunkID:-1 Root:root:/ File:E:/Epic Games/UE_4.27/FeaturePacks/TP_VirtualRealityBP.upack)
[2023.07.08-16.38.19:039][  0]LogPakFile: OnPakFileMounted2Time == 0.000028
[2023.07.08-16.38.19:424][  0]LogNativeClassHierarchy: Verbose: Native class hierarchy updated for 'AddContentDialog' in 0.0002 seconds. Added 0 classes and 0 folders.
[2023.07.08-16.38.19:437][  0]LogNativeClassHierarchy: Verbose: Native class hierarchy updated for 'SceneOutliner' in 0.0003 seconds. Added 2 classes and 0 folders.
[2023.07.08-16.38.19:612][  0]LogSlate: Took 0.004993 seconds to synchronously load lazily loaded font '../../../Engine/Content/Slate/Fonts/Roboto-Regular.ttf' (155K)
[2023.07.08-16.38.19:617][  0]LogSlate: Took 0.004415 seconds to synchronously load lazily loaded font '../../../Engine/Content/Editor/Slate/Fonts/FontAwesome.ttf' (139K)
[2023.07.08-16.38.19:623][  0]LogSlate: Took 0.004539 seconds to synchronously load lazily loaded font '../../../Engine/Content/Slate/Fonts/Roboto-Bold.ttf' (160K)
[2023.07.08-16.38.19:750][  0]LogRenderer: Reallocating scene render targets to support 1208x600 Format 10 NumSamples 1 (Frame:1).
[2023.07.08-16.38.19:817][  0]LogSlate: Took 0.006998 seconds to synchronously load lazily loaded font '../../../Engine/Content/Slate/Fonts/Roboto-Light.ttf' (167K)
[2023.07.08-16.38.19:874][  0]LogNativeClassHierarchy: Verbose: Native class hierarchy updated for 'HierarchicalLODOutliner' in 0.0003 seconds. Added 0 classes and 0 folders.
[2023.07.08-16.38.19:874][  0]LogLoad: (Engine Initialization) Total time: 24.22 seconds
[2023.07.08-16.38.19:874][  0]LogLoad: (Engine Initialization) Total Blueprint compile time: 0.00 seconds
[2023.07.08-16.38.20:013][  0]LogAssetRegistry: Asset discovery search completed in 9.1011 seconds
[2023.07.08-16.38.20:024][  0]LogCollectionManager: Fixed up redirectors for 0 collections in 0.000003 seconds (updated 0 objects)
[2023.07.08-16.38.20:028][  0]LogContentStreaming: Texture pool size now 1000 MB
[2023.07.08-16.38.20:893][100]LogSlate: Took 0.000174 seconds to synchronously load lazily loaded font '../../../Engine/Content/Slate/Fonts/Roboto-Light.ttf' (167K)
[2023.07.08-16.39.41:077][673]Game: Error: No HealthBar Set | HUGBASE.cpp, Constructor
[2023.07.08-16.39.41:081][673]Game: Error: No HealthBar Set | HUGBASE.cpp, Constructor
[2023.07.08-16.39.41:083][673]Game: Error: No HealthBar Set | HUGBASE.cpp, Constructor
[2023.07.08-16.39.41:147][673]Game: Error: No HealthBar Set | HUGBASE.cpp, Constructor
[2023.07.08-16.39.41:284][673]LogAssetEditorSubsystem: Opening Asset editor for Blueprint /Game/Core/Actors/BP_CodePlayer.BP_CodePlayer
[2023.07.08-16.39.41:413][673]LogNativeClassHierarchy: Verbose: Native class hierarchy updated for 'BlueprintGraph' in 0.0004 seconds. Added 126 classes and 0 folders.
[2023.07.08-16.39.42:147][673]LogAssetEditorSubsystem: Opening Asset editor for Blueprint /Game/Actors/BP_BaseCharacter.BP_BaseCharacter
[2023.07.08-16.39.42:542][673]LogAssetEditorSubsystem: Opening Asset editor for Blueprint /Game/Actors/BP_Player.BP_Player
[2023.07.08-16.39.42:914][673]LogAssetEditorSubsystem: Opening Asset editor for Blueprint /Game/Actors/BP_PickupHealth.BP_PickupHealth
[2023.07.08-16.39.43:190][673]LogAssetEditorSubsystem: Opening Asset editor for WidgetBlueprint /Game/Core/Widgets/WBP_HUD.WBP_HUD
[2023.07.08-16.39.43:531][673]Game: Error: No HealthBar Set | HUGBASE.cpp, Constructor
[2023.07.08-16.39.43:558][673]LogAssetEditorSubsystem: Opening Asset editor for AnimBlueprint /Game/Core/ABP_IronSights.ABP_IronSights
[2023.07.08-16.39.43:574][673]LogNativeClassHierarchy: Verbose: Native class hierarchy updated for 'SkeletonEditor' in 0.0002 seconds. Added 1 classes and 2 folders.
[2023.07.08-16.39.43:582][673]LogTexture: Default maximum texture size for cubemaps generated from long-lat sources has been changed from 512 to unlimited. In order to preserve old behaiour for '/Engine/EditorMaterials/AssetViewer/EpicQuadPanorama_CC+EV1.EpicQuadPanorama_CC+EV1', its maximum texture size has been explicitly set to 512.
[2023.07.08-16.39.43:661][673]LogTexture: Default maximum texture size for cubemaps generated from long-lat sources has been changed from 512 to unlimited. In order to preserve old behaiour for '/Engine/MapTemplates/Sky/SunsetAmbientCubemap.SunsetAmbientCubemap', its maximum texture size has been explicitly set to 512.
[2023.07.08-16.39.43:740][673]LogActorComponent: RegisterComponentWithWorld: (/Engine/Transient.World_7:PersistentLevel.AnimationEditorPreviewActor_0.DebugSkelMeshComponent_0) Already registered. Aborting.
[2023.07.08-16.39.43:752][673]LogNativeClassHierarchy: Verbose: Native class hierarchy updated for 'PinnedCommandList' in 0.0002 seconds. Added 1 classes and 0 folders.
[2023.07.08-16.39.44:225][673]LogAssetEditorSubsystem: Opening Asset editor for Blueprint /Game/Actors/BP_PickupBase.BP_PickupBase
[2023.07.08-16.39.44:501][673]LogAssetEditorSubsystem: Opening Asset editor for Blueprint /Game/Actors/BP_BaseRifle.BP_BaseRifle
[2023.07.08-16.39.44:800][673]Game: Error: No HealthBar Set | HUGBASE.cpp, Constructor
[2023.07.08-16.39.45:022][673]Game: Error: No HealthBar Set | HUGBASE.cpp, Constructor
[2023.07.08-16.39.45:089][673]LogSlate: Took 0.004604 seconds to synchronously load lazily loaded font '../../../Engine/Content/Slate/Fonts/Roboto-BoldCondensed.ttf' (158K)
[2023.07.08-16.39.45:182][674]LogSlate: Took 0.004718 seconds to synchronously load lazily loaded font '../../../Engine/Content/Slate/Fonts/Roboto-Italic.ttf' (157K)
[2023.07.08-16.40.00:955][464]LogUObjectHash: Compacting FUObjectHashTables data took   3.36ms
[2023.07.08-16.40.02:913][464]LogSlate: Window 'Save Content' being destroyed
[2023.07.08-16.40.02:951][464]Cmd: OBJ SAVEPACKAGE PACKAGE="/Engine/BasicShapes/Sphere" FILE="../../../Engine/Content/BasicShapes/Sphere.uasset" SILENT=true
[2023.07.08-16.40.02:964][464]LogSavePackage: Moving 'D:/Full Sail - Engine Development/EngineDevelopment/A06_END/Saved/Sphere9F241C4148478581C7BD80A641872CC3.tmp' to '../../../Engine/Content/BasicShapes/Sphere.uasset'
[2023.07.08-16.40.03:060][464]LogAssetEditorSubsystem: Opening Asset editor for World /Game/Maps/Code/CodeTestingMap.CodeTestingMap
[2023.07.08-16.40.03:061][464]Cmd: MAP LOAD FILE="D:/Full Sail - Engine Development/EngineDevelopment/A06_END/Content/Maps/Code/CodeTestingMap.umap" TEMPLATE=0 SHOWPROGRESS=1 FEATURELEVEL=3
[2023.07.08-16.40.03:061][464]LightingResults: New page: Lighting Build
[2023.07.08-16.40.03:061][464]LoadErrors: New page: Loading map: CodeTestingMap.umap
[2023.07.08-16.40.03:062][464]LogWorld: UWorld::CleanupWorld for Untitled_1, bSessionEnded=true, bCleanupResources=true
[2023.07.08-16.40.03:062][464]LogSlate: InvalidateAllWidgets triggered.  All widgets were invalidated
[2023.07.08-16.40.03:062][464]MapCheck: New page: Map Check
[2023.07.08-16.40.03:062][464]LightingResults: New page: Lighting Build
[2023.07.08-16.40.03:094][464]LogAudio: Display: Audio Device unregistered from world 'None'.
[2023.07.08-16.40.03:100][464]LogUObjectHash: Compacting FUObjectHashTables data took   2.62ms
[2023.07.08-16.40.03:100][464]LogAudio: Display: Audio Device (ID: 1) registered with world 'CodeTestingMap'.
[2023.07.08-16.40.03:123][464]LogEditorServer: Finished looking for orphan Actors (0.000 secs)
[2023.07.08-16.40.03:123][464]LogAIModule: Creating AISystem for world CodeTestingMap
[2023.07.08-16.40.03:160][464]LogUObjectHash: Compacting FUObjectHashTables data took   2.27ms
[2023.07.08-16.40.03:169][464]Cmd: MAP CHECKDEP NOCLEARLOG
[2023.07.08-16.40.03:169][464]MapCheck: Map check complete: 0 Error(s), 0 Warning(s), took 0.049ms to complete.
[2023.07.08-16.40.03:169][464]LogFileHelpers: Loading map 'CodeTestingMap' took 0.109
[2023.07.08-16.40.03:208][464]AssetCheck: New page: Asset Save: Sphere
[2023.07.08-16.40.03:209][464]LogContentValidation: Display: Validating StaticMesh /Engine/BasicShapes/Sphere.Sphere
[2023.07.08-16.40.07:923][ 21]LogEditorViewport: Clicking on Actor (LMB): BP_ActorWithInterfaces_C (BP_ActorWithInterfaces)
[2023.07.08-16.40.08:582][ 98]Cmd: DELETE
[2023.07.08-16.40.08:582][ 98]Cmd: ACTOR DELETE
[2023.07.08-16.40.08:586][ 98]LogEditorActor: Deleted Actor: BP_ActorWithInterfaces_C
[2023.07.08-16.40.08:622][ 98]LogUObjectHash: Compacting FUObjectHashTables data took   1.65ms
[2023.07.08-16.40.08:623][ 98]LogEditorActor: Deleted 1 Actors (0.039 secs)
